{
  "stats": {
    "suites": 21,
    "tests": 62,
    "passes": 47,
    "pending": 1,
    "failures": 7,
    "testsRegistered": 62,
    "passPercent": 75.80645161290323,
    "pendingPercent": 1.6129032258064515,
    "other": 0,
    "hasOther": false,
    "skipped": 7,
    "hasSkipped": true,
    "start": "2025-07-16T14:47:58.921Z",
    "end": "2025-07-16T14:51:37.737Z",
    "duration": 218816
  },
  "results": [
    {
      "uuid": "54ed139f-2f13-4826-9e09-2dae5e0d4f23",
      "title": "",
      "fullFile": "cypress/e2e/Basic-UI-Testing/basic_XpathTest-spec.ts",
      "file": "cypress/e2e/Basic-UI-Testing/basic_XpathTest-spec.ts",
      "beforeHooks": [],
      "afterHooks": [],
      "tests": [],
      "suites": [
        {
          "uuid": "2a1ac592-b783-4433-8729-8a72583a3188",
          "title": "XPath testing",
          "fullFile": "cypress/e2e/Basic-UI-Testing/basic_XpathTest-spec.ts",
          "file": "cypress/e2e/Basic-UI-Testing/basic_XpathTest-spec.ts",
          "beforeHooks": [],
          "afterHooks": [],
          "tests": [
            {
              "title": "Xpath Test Iteration",
              "fullTitle": "XPath testing Xpath Test Iteration",
              "timedOut": null,
              "duration": 2873,
              "state": "passed",
              "speed": "fast",
              "pass": true,
              "fail": false,
              "pending": false,
              "context": null,
              "code": "cy.visit('https://rahulshettyacademy.com/seleniumPractise/#/');\ncy.xpath('//*[@class=\"search-keyword\"]').clear().type('apple');\ncy.wait(500);\ncy.xpath('//*[@class=\"product-name\"]').first().should('contain', 'Apple - 1 Kg');\ncy.xpath('//*[@class=\"product-action\"]').click();",
              "err": {},
              "uuid": "00d1946a-7d90-40b0-bc7c-c00caa88fd88",
              "parentUUID": "2a1ac592-b783-4433-8729-8a72583a3188",
              "isHook": false,
              "skipped": false
            }
          ],
          "suites": [],
          "passes": [
            "00d1946a-7d90-40b0-bc7c-c00caa88fd88"
          ],
          "failures": [],
          "pending": [],
          "skipped": [],
          "duration": 2873,
          "root": false,
          "rootEmpty": false,
          "_timeout": 2000
        }
      ],
      "passes": [],
      "failures": [],
      "pending": [],
      "skipped": [],
      "duration": 0,
      "root": true,
      "rootEmpty": true,
      "_timeout": 2000
    },
    {
      "uuid": "2dc0d71b-883e-424b-a6f3-117511fd9ad4",
      "title": "",
      "fullFile": "cypress/e2e/Basic-UI-Testing/seassionTest-spec.ts",
      "file": "cypress/e2e/Basic-UI-Testing/seassionTest-spec.ts",
      "beforeHooks": [],
      "afterHooks": [],
      "tests": [],
      "suites": [
        {
          "uuid": "bfedf78e-c5f9-4d69-8b93-00bf6dd78634",
          "title": "Seassion Test - is logged in through local storage",
          "fullFile": "cypress/e2e/Basic-UI-Testing/seassionTest-spec.ts",
          "file": "cypress/e2e/Basic-UI-Testing/seassionTest-spec.ts",
          "beforeHooks": [],
          "afterHooks": [],
          "tests": [
            {
              "title": "is logged in through local storage",
              "fullTitle": "Seassion Test - is logged in through local storage is logged in through local storage",
              "timedOut": null,
              "duration": 34690,
              "state": "failed",
              "speed": null,
              "pass": false,
              "fail": true,
              "pending": false,
              "context": null,
              "code": "cy.API_Login_RahulShpingAppn();\ncy.get(\".card-body b\").eq(1).then(function (ele) {\n    productName = ele.text();\n});\ncy.get('[class=\"text-muted\"]').eq(1).then(function (cost) {\n    ProductPrice = cost.text().replace('$', '').trim();\n});\ncy.get(\".card-body button:last-of-type\").eq(1).click();\ncy.get(\"[routerlink*='cart']\").click();\ncy.contains(\"Checkout\").click();\ncy.get(\"[placeholder*='Country']\").type(\"ind\");\ncy.get('.ta-results button').each(function ($e1, index, $list) {\n    if ($e1.text() === \" India\") {\n        cy.wrap($e1).click();\n    }\n});\ncy.get(\".action__submit\").click();\ncy.wait(2000);\ncy.get(\".order-summary button\").eq(0).click();\nvar filePath = '/Volumes/My Files Anil/Cypress-Anil/RahulShetty-Cypress/CypressProject_2024/cypress/downloads/order-invoice_kumarglina.csv';\ncy.readFile(filePath).then(function (text) { return __awaiter(void 0, void 0, void 0, function () {\n    var csv, actualProductCSV, actualProductPriceCSV;\n    return __generator(this, function (_a) {\n        switch (_a.label) {\n            case 0: return [4 /*yield*/, neatCSV(text)];\n            case 1:\n                csv = _a.sent();\n                console.log(csv);\n                actualProductCSV = csv[0][\"Product Name\"];\n                expect(productName).to.equal(actualProductCSV);\n                actualProductPriceCSV = csv[0][\"Product Price\"];\n                expect(ProductPrice).to.equal(actualProductPriceCSV);\n                return [2 /*return*/];\n        }\n    });\n}); });",
              "err": {
                "message": "AssertionError: Timed out retrying after 30000ms: `cy.readFile(\"/Volumes/My Files Anil/Cypress-Anil/RahulShetty-Cypress/CypressProject_2024/cypress/downloads/order-invoice_kumarglina.csv\")` failed because the file does not exist at the following path:\n\n`/Volumes/My Files Anil/Cypress-Anil/RahulShetty-Cypress/CypressProject_2024/cypress/downloads/order-invoice_kumarglina.csv`\n\nhttps://on.cypress.io/readfile",
                "estack": "AssertionError: Timed out retrying after 30000ms: `cy.readFile(\"/Volumes/My Files Anil/Cypress-Anil/RahulShetty-Cypress/CypressProject_2024/cypress/downloads/order-invoice_kumarglina.csv\")` failed because the file does not exist at the following path:\n\n`/Volumes/My Files Anil/Cypress-Anil/RahulShetty-Cypress/CypressProject_2024/cypress/downloads/order-invoice_kumarglina.csv`\n\nhttps://on.cypress.io/readfile\n    at Context.eval (webpack://udemy-rahulshettycypress/./cypress/e2e/Basic-UI-Testing/seassionTest-spec.ts:65:0)",
                "diff": null
              },
              "uuid": "c967eb52-f482-4392-9fee-fe24873b042c",
              "parentUUID": "bfedf78e-c5f9-4d69-8b93-00bf6dd78634",
              "isHook": false,
              "skipped": false
            }
          ],
          "suites": [],
          "passes": [],
          "failures": [
            "c967eb52-f482-4392-9fee-fe24873b042c"
          ],
          "pending": [],
          "skipped": [],
          "duration": 34690,
          "root": false,
          "rootEmpty": false,
          "_timeout": 2000
        }
      ],
      "passes": [],
      "failures": [],
      "pending": [],
      "skipped": [],
      "duration": 0,
      "root": true,
      "rootEmpty": true,
      "_timeout": 2000
    },
    {
      "uuid": "37bb23a6-1596-44ae-8069-bffff2e750cd",
      "title": "",
      "fullFile": "cypress/e2e/Basic-UI-Testing/testonlineshopingtest.spec.ts",
      "file": "cypress/e2e/Basic-UI-Testing/testonlineshopingtest.spec.ts",
      "beforeHooks": [],
      "afterHooks": [],
      "tests": [],
      "suites": [
        {
          "uuid": "9385d286-49f7-4f3a-833b-08fbdeddfa87",
          "title": "test",
          "fullFile": "cypress/e2e/Basic-UI-Testing/testonlineshopingtest.spec.ts",
          "file": "cypress/e2e/Basic-UI-Testing/testonlineshopingtest.spec.ts",
          "beforeHooks": [],
          "afterHooks": [],
          "tests": [
            {
              "title": "rahulshettyacademy Shopping App",
              "fullTitle": "test rahulshettyacademy Shopping App",
              "timedOut": null,
              "duration": 135,
              "state": "failed",
              "speed": null,
              "pass": false,
              "fail": true,
              "pending": false,
              "context": null,
              "code": "// cy.RahulShpingApplogin();\ncy.get('[class=\"left mt-1\"] p').contains('Automation Practice');\ncy.get('[class=\"card\"]').should('have.length', 3)\n    .each(function ($el) {\n    var extractText = $el.find('h5').text();\n    if (extractText.includes('ZARA COAT 3')) {\n        cy.wrap($el).find('[class=\"btn w-10 rounded\"]').click();\n    }\n});",
              "err": {
                "message": "CypressError: `cy.type()` can only accept a string or number. You passed in: `undefined`\n\nhttps://on.cypress.io/type\n\nBecause this error occurred during a `before each` hook we are skipping the remaining tests in the current suite: `test`",
                "estack": "CypressError: `cy.type()` can only accept a string or number. You passed in: `undefined`\n\nhttps://on.cypress.io/type\n\nBecause this error occurred during a `before each` hook we are skipping the remaining tests in the current suite: `test`\n    at Context.type (https://rahulshettyacademy.com/__cypress/runner/cypress_runner.js:114388:68)\n    at wrapped (https://rahulshettyacademy.com/__cypress/runner/cypress_runner.js:138835:19)\nFrom Your Spec Code:\n    at Context.eval (webpack://udemy-rahulshettycypress/./cypress/support/commands.ts:45:0)\n    at wrapped (https://rahulshettyacademy.com/__cypress/runner/cypress_runner.js:138827:43)",
                "diff": null
              },
              "uuid": "33899c71-cd7f-482e-a035-0ab6cfb98067",
              "parentUUID": "9385d286-49f7-4f3a-833b-08fbdeddfa87",
              "isHook": false,
              "skipped": false
            },
            {
              "title": "rahulshettyacademy Shopping App",
              "fullTitle": "test rahulshettyacademy Shopping App",
              "timedOut": null,
              "duration": 0,
              "state": "skipped",
              "speed": null,
              "pass": false,
              "fail": false,
              "pending": false,
              "context": null,
              "code": "cy.get('[class=\"card\"]').should('have.length', 3)\n    .each(function ($el, index) {\n    cy.wait(100);\n    // Each card is now accessible as $$el\n    cy.wrap($el).find('h5') // Find the <h5> element inside each card\n        .invoke('text') // Extract the text content\n        .then(function (text) {\n        var keywords = ['ZARA COAT 3', 'ADIDAS ORIGINAL', 'IPHONE 13 PRO', 'qwerty']; // Example keywords\n        expect(text).to.include(keywords[index]); // Expect the text to include a keyword\n        if (text.includes('IPHONE 13 PRO')) {\n            cy.wrap($el).find('[class=\"btn w-10 rounded\"]').click();\n        }\n    });\n});",
              "err": {},
              "uuid": "a559ef17-f4d5-40a3-8b09-8176bbea8626",
              "parentUUID": "9385d286-49f7-4f3a-833b-08fbdeddfa87",
              "isHook": false,
              "skipped": true
            }
          ],
          "suites": [],
          "passes": [],
          "failures": [
            "33899c71-cd7f-482e-a035-0ab6cfb98067"
          ],
          "pending": [],
          "skipped": [
            "a559ef17-f4d5-40a3-8b09-8176bbea8626"
          ],
          "duration": 135,
          "root": false,
          "rootEmpty": false,
          "_timeout": 2000
        }
      ],
      "passes": [],
      "failures": [],
      "pending": [],
      "skipped": [],
      "duration": 0,
      "root": true,
      "rootEmpty": true,
      "_timeout": 2000
    },
    {
      "uuid": "32dba3e8-5758-4b3c-80ea-7965691861d8",
      "title": "",
      "fullFile": "cypress/e2e/RHL-TestsFor-CypressConcepts/Test1-customScript-spec.ts",
      "file": "cypress/e2e/RHL-TestsFor-CypressConcepts/Test1-customScript-spec.ts",
      "beforeHooks": [],
      "afterHooks": [],
      "tests": [],
      "suites": [
        {
          "uuid": "e6544d7e-5838-4574-ac67-5de423b372ad",
          "title": "test",
          "fullFile": "cypress/e2e/RHL-TestsFor-CypressConcepts/Test1-customScript-spec.ts",
          "file": "cypress/e2e/RHL-TestsFor-CypressConcepts/Test1-customScript-spec.ts",
          "beforeHooks": [],
          "afterHooks": [],
          "tests": [
            {
              "title": "Basic Test",
              "fullTitle": "test Basic Test",
              "timedOut": null,
              "duration": 2855,
              "state": "passed",
              "speed": "fast",
              "pass": true,
              "fail": false,
              "pending": false,
              "context": null,
              "code": "cy.GrrenKart_GlobalSeasrch('Apple');\n// visible here we used identify the lenghth of only visible items try only \"ca\" in GlobalSearch command//\n// cy.get('[class=\"product\"]:visible').should('have.length', 4);\ncy.GrrenKart_AddToCart('increment');\ncy.GrrenKart_AddToCart('decrement');\ncy.GrrenKart_AddToCart(50);",
              "err": {},
              "uuid": "014f9a6a-17e3-47eb-9790-bd66be63cabb",
              "parentUUID": "e6544d7e-5838-4574-ac67-5de423b372ad",
              "isHook": false,
              "skipped": false
            },
            {
              "title": "Vegitable Cost Price Comparison With fixtures Data",
              "fullTitle": "test Vegitable Cost Price Comparison With fixtures Data",
              "timedOut": null,
              "duration": 0,
              "state": "pending",
              "speed": null,
              "pass": false,
              "fail": false,
              "pending": true,
              "context": null,
              "code": "cy.fixture('VegitablesTest1').then(function (FixturesDataOfVegItem) {\n    FixturesDataOfVegItem.productDeatails.forEach(function (FDATA) {\n        Object.keys(FDATA).forEach(function (vegetableName) {\n            var expectedPrice = Number(FDATA[vegetableName]);\n            cy.GrrenKart_VegitableCostPrice(vegetableName).should('eq', expectedPrice);\n        });\n        // for (const vegetableName in FDATA) {\n        //     let expectedPrice = Number(FDATA[vegetableName]);\n        //     cy.GrrenKart_VegitableCostPrice(vegetableName).should('eq', expectedPrice);\n        // }\n    });\n});",
              "err": {},
              "uuid": "4b3d218f-a584-48e4-acaf-ca85419c6408",
              "parentUUID": "e6544d7e-5838-4574-ac67-5de423b372ad",
              "isHook": false,
              "skipped": false
            },
            {
              "title": "Vegitable Cost Price Comparison With fixtures Data",
              "fullTitle": "test Vegitable Cost Price Comparison With fixtures Data",
              "timedOut": null,
              "duration": 1691,
              "state": "passed",
              "speed": "fast",
              "pass": true,
              "fail": false,
              "pending": false,
              "context": null,
              "code": "cy.fixture('VegitablesTest1').then(function (Vegdata) {\n    Vegdata.productDeatails.forEach(function (VegitableCostDetails) {\n        // To test All the fruits cost price //\n        // for (const vegetableName in VegitableCostDetails) {\n        //     cy.GrrenKart_VegitableCostPrice(vegetableName).should('eq', Number(VegitableCostDetails[vegetableName]));\n        // }\n        // for test only one fruit price //\n        var fruitToTest = 'Apple';\n        var expectedPrice = Number(Vegdata.productDeatails[0][fruitToTest]);\n        cy.GrrenKart_VegitableCostPrice(fruitToTest).should('eq', expectedPrice);\n        // cy.GrrenKart_VegitableCostPrice('Carrot').should('eq', 56);\n    });\n});",
              "err": {},
              "uuid": "53779f21-a53f-43f7-a5a6-be8b086519ad",
              "parentUUID": "e6544d7e-5838-4574-ac67-5de423b372ad",
              "isHook": false,
              "skipped": false
            }
          ],
          "suites": [],
          "passes": [
            "014f9a6a-17e3-47eb-9790-bd66be63cabb",
            "53779f21-a53f-43f7-a5a6-be8b086519ad"
          ],
          "failures": [],
          "pending": [
            "4b3d218f-a584-48e4-acaf-ca85419c6408"
          ],
          "skipped": [],
          "duration": 4546,
          "root": false,
          "rootEmpty": false,
          "_timeout": 2000
        }
      ],
      "passes": [],
      "failures": [],
      "pending": [],
      "skipped": [],
      "duration": 0,
      "root": true,
      "rootEmpty": true,
      "_timeout": 2000
    },
    {
      "uuid": "17461752-31f6-4326-bbce-b617c3a920e7",
      "title": "",
      "fullFile": "cypress/e2e/RHL-TestsFor-CypressConcepts/Test2-eachJaquery-spec.ts",
      "file": "cypress/e2e/RHL-TestsFor-CypressConcepts/Test2-eachJaquery-spec.ts",
      "beforeHooks": [],
      "afterHooks": [],
      "tests": [],
      "suites": [
        {
          "uuid": "bad8c10a-c3ba-4e31-8fcc-651ea146b197",
          "title": "Rahul-Shetty Test for learn .each & as & jquery",
          "fullFile": "cypress/e2e/RHL-TestsFor-CypressConcepts/Test2-eachJaquery-spec.ts",
          "file": "cypress/e2e/RHL-TestsFor-CypressConcepts/Test2-eachJaquery-spec.ts",
          "beforeHooks": [],
          "afterHooks": [],
          "tests": [
            {
              "title": ".each Test in Cypress ittreat every Elemnt",
              "fullTitle": "Rahul-Shetty Test for learn .each & as & jquery .each Test in Cypress ittreat every Elemnt",
              "timedOut": null,
              "duration": 3003,
              "state": "passed",
              "speed": "fast",
              "pass": true,
              "fail": false,
              "pending": false,
              "context": null,
              "code": "cy.GrrenKart_GlobalSeasrch('ca');\n// cy.get('.products .product').eq(2).contains('ADD TO CART').click();\ncy.get('[class=\"products\"]:visible').find('.product').each(function ($el) {\n    var textVeg = $el.find('h4.product-name').text();\n    if (textVeg.includes('Carrot')) {\n        cy.wrap($el).find('button').click();\n    }\n});",
              "err": {},
              "uuid": "1bd79935-d360-491a-ab8f-34a450b2fdc8",
              "parentUUID": "bad8c10a-c3ba-4e31-8fcc-651ea146b197",
              "isHook": false,
              "skipped": false
            },
            {
              "title": ".Jquery use extract the text from web element & Alasing the reuse Locators@\"as\"",
              "fullTitle": "Rahul-Shetty Test for learn .each & as & jquery .Jquery use extract the text from web element & Alasing the reuse Locators@\"as\"",
              "timedOut": null,
              "duration": 265,
              "state": "passed",
              "speed": "fast",
              "pass": true,
              "fail": false,
              "pending": false,
              "context": null,
              "code": "cy.get('.brand').then(function (LogoElement) {\n    cy.log(LogoElement.text());\n});\ncy.get('.brand').as('brand').invoke('text').then(function (LogoElement) {\n    var TextOfLogo = LogoElement.toString();\n    cy.get('@brand').should('have.text', 'GREENKART');\n    cy.get('@brand').should('contain', TextOfLogo);\n});",
              "err": {},
              "uuid": "76b5d7af-9d9b-4ed5-a733-e8cdad043f00",
              "parentUUID": "bad8c10a-c3ba-4e31-8fcc-651ea146b197",
              "isHook": false,
              "skipped": false
            },
            {
              "title": "Test",
              "fullTitle": "Rahul-Shetty Test for learn .each & as & jquery Test",
              "timedOut": null,
              "duration": 2631,
              "state": "passed",
              "speed": "fast",
              "pass": true,
              "fail": false,
              "pending": false,
              "context": null,
              "code": "cy.GrrenKart_GlobalSeasrch('Carrot');\ncy.GrrenKart_AddToCart('increse');\ncy.get('[class=\"cart-icon\"]').click();\ncy.contains('PROCEED TO CHECKOUT').click();\ncy.wait(500);\ncy.contains('Place Order').click();\ncy.get('[type=\"checkbox\"]').click();",
              "err": {},
              "uuid": "2e3fb1c3-97a7-482a-accf-266fa5256916",
              "parentUUID": "bad8c10a-c3ba-4e31-8fcc-651ea146b197",
              "isHook": false,
              "skipped": false
            }
          ],
          "suites": [],
          "passes": [
            "1bd79935-d360-491a-ab8f-34a450b2fdc8",
            "76b5d7af-9d9b-4ed5-a733-e8cdad043f00",
            "2e3fb1c3-97a7-482a-accf-266fa5256916"
          ],
          "failures": [],
          "pending": [],
          "skipped": [],
          "duration": 5899,
          "root": false,
          "rootEmpty": false,
          "_timeout": 2000
        }
      ],
      "passes": [],
      "failures": [],
      "pending": [],
      "skipped": [],
      "duration": 0,
      "root": true,
      "rootEmpty": true,
      "_timeout": 2000
    },
    {
      "uuid": "8db66650-79a5-4421-a820-979c4e9da286",
      "title": "",
      "fullFile": "cypress/e2e/RHL-TestsFor-CypressConcepts/Test3-chqboxDrpDwns-spec.ts",
      "file": "cypress/e2e/RHL-TestsFor-CypressConcepts/Test3-chqboxDrpDwns-spec.ts",
      "beforeHooks": [],
      "afterHooks": [],
      "tests": [],
      "suites": [
        {
          "uuid": "3d120c47-bf17-4972-9808-ab497bc289a4",
          "title": "Rahul Shetty- Test to learn Check Boxes drop downs",
          "fullFile": "cypress/e2e/RHL-TestsFor-CypressConcepts/Test3-chqboxDrpDwns-spec.ts",
          "file": "cypress/e2e/RHL-TestsFor-CypressConcepts/Test3-chqboxDrpDwns-spec.ts",
          "beforeHooks": [],
          "afterHooks": [],
          "tests": [
            {
              "title": "Learn Check Boxes \".check\" & \".uncheck\" Concept",
              "fullTitle": "Rahul Shetty- Test to learn Check Boxes drop downs Learn Check Boxes \".check\" & \".uncheck\" Concept",
              "timedOut": null,
              "duration": 2266,
              "state": "passed",
              "speed": "fast",
              "pass": true,
              "fail": false,
              "pending": false,
              "context": null,
              "code": "cy.get('[id=\"checkBoxOption1\"]').check().should('be.checked').and('have.value', 'option1');\ncy.get('[id=\"checkBoxOption1\"]').uncheck().should('not.be.checked').and('have.value', 'option1');\ncy.get('input[type=\"checkbox\"]').check(['option1', 'option2', 'option3']).should('be.checked');\ncy.get('input[type=\"checkbox\"]').uncheck(['option1', 'option2', 'option3']).should('not.be.checked');",
              "err": {},
              "uuid": "1e7d0bf3-3e0f-4b22-a3f5-39bd9515d291",
              "parentUUID": "3d120c47-bf17-4972-9808-ab497bc289a4",
              "isHook": false,
              "skipped": false
            },
            {
              "title": "Learn Drop Downs \"select\" ",
              "fullTitle": "Rahul Shetty- Test to learn Check Boxes drop downs Learn Drop Downs \"select\" ",
              "timedOut": null,
              "duration": 501,
              "state": "passed",
              "speed": "fast",
              "pass": true,
              "fail": false,
              "pending": false,
              "context": null,
              "code": "cy.get('select').select('option2').should('have.value', 'option2');",
              "err": {},
              "uuid": "fb6cb678-921f-45cd-8e0e-8c0f921a3f8c",
              "parentUUID": "3d120c47-bf17-4972-9808-ab497bc289a4",
              "isHook": false,
              "skipped": false
            },
            {
              "title": "dynamically Select the DropDown like input box type select the dropdown",
              "fullTitle": "Rahul Shetty- Test to learn Check Boxes drop downs dynamically Select the DropDown like input box type select the dropdown",
              "timedOut": null,
              "duration": 835,
              "state": "passed",
              "speed": "fast",
              "pass": true,
              "fail": false,
              "pending": false,
              "context": null,
              "code": "cy.get('[id=\"autocomplete\"]').type('ind');\ncy.get('li.ui-menu-item div').each(function ($el) {\n    if ($el.text() === \"India\") {\n        cy.wrap($el).click();\n    }\n});\ncy.get('#autocomplete').should('have.value', 'India');",
              "err": {},
              "uuid": "4de877da-c002-49c4-ae20-9c0892a7ccfd",
              "parentUUID": "3d120c47-bf17-4972-9808-ab497bc289a4",
              "isHook": false,
              "skipped": false
            },
            {
              "title": "Learn Visibility and Invisiblility objects in Elements",
              "fullTitle": "Rahul Shetty- Test to learn Check Boxes drop downs Learn Visibility and Invisiblility objects in Elements",
              "timedOut": null,
              "duration": 494,
              "state": "passed",
              "speed": "fast",
              "pass": true,
              "fail": false,
              "pending": false,
              "context": null,
              "code": "cy.get('#name').should('be.visible');\ncy.get('#hide-textbox').click();\ncy.get('#displayed-text').should('not.be.visible');\ncy.get('#show-textbox').contains('Show').click();\ncy.get('#displayed-text').should('be.visible');\n// cy.get('#hide-textbox')",
              "err": {},
              "uuid": "eafbe0a9-938a-4d18-9067-0d91301dbebe",
              "parentUUID": "3d120c47-bf17-4972-9808-ab497bc289a4",
              "isHook": false,
              "skipped": false
            },
            {
              "title": "Learn Radio Button Checked or not with value as checked or not",
              "fullTitle": "Rahul Shetty- Test to learn Check Boxes drop downs Learn Radio Button Checked or not with value as checked or not",
              "timedOut": null,
              "duration": 427,
              "state": "passed",
              "speed": "fast",
              "pass": true,
              "fail": false,
              "pending": false,
              "context": null,
              "code": "cy.get('[value=\"radio2\"]').check().should('be.checked').should('have.value', 'radio2');",
              "err": {},
              "uuid": "599ba25d-3e2d-4d79-b64f-599aceb7a26b",
              "parentUUID": "3d120c47-bf17-4972-9808-ab497bc289a4",
              "isHook": false,
              "skipped": false
            },
            {
              "title": "Learn Handle the Alerts of \"window:alert\" & window:confirm in web Apps",
              "fullTitle": "Rahul Shetty- Test to learn Check Boxes drop downs Learn Handle the Alerts of \"window:alert\" & window:confirm in web Apps",
              "timedOut": null,
              "duration": 459,
              "state": "passed",
              "speed": "fast",
              "pass": true,
              "fail": false,
              "pending": false,
              "context": null,
              "code": "// cypress are capability of browser events, \"window:alerts\" is the event which get fired on alert open  //\n// so you firing the event through cypress to get access to the alert //\ncy.get('#alertbtn').click();\ncy.get('#confirmbtn').click();\ncy.on('window:alert', function (str) {\n    expect(str).to.eq('Hello , share this practice page and share your knowledge');\n});\ncy.on('window:confirm', function (str) {\n    expect(str).to.eq('Hello , Are you sure you want to confirm?');\n});",
              "err": {},
              "uuid": "b843cbb5-dae0-4628-8317-e5f673594328",
              "parentUUID": "3d120c47-bf17-4972-9808-ab497bc289a4",
              "isHook": false,
              "skipped": false
            },
            {
              "title": "Learn Handle the Child TAB and Child Window in your Page \"cy.origin\" & \"removeAttr\" ",
              "fullTitle": "Rahul Shetty- Test to learn Check Boxes drop downs Learn Handle the Child TAB and Child Window in your Page \"cy.origin\" & \"removeAttr\" ",
              "timedOut": null,
              "duration": 5278,
              "state": "passed",
              "speed": "medium",
              "pass": true,
              "fail": false,
              "pending": false,
              "context": null,
              "code": "// we trying to revese the attribute from jquery i'm trying to remove this \"target=\"_blank\"\"//   \ncy.get('#opentab').click();\n// if above i used another URL opend in separate Tab cypress can not test other tab //\ncy.get('#opentab').invoke('removeAttr', 'target').click();\n// Just remember Cypress can not encourage to run cross domain\" if same domain it can work //\n// cy.get('#navbarSupportedContent a[href=\"about.html\"]').contains('About us').click();\n// but still we have option to chose Cross domain it can work if we choes as cy.orign;\ncy.origin('https://www.qaclickacademy.com/', function () {\n    // wht ever you want to do with other domain you need to write here only //\n    cy.get('#navbarSupportedContent a[href=\"about.html\"]').contains('About us').click();\n    cy.contains('Contact').should('be.visible').click();\n    cy.get('.mt-30 h2').should('contain', 'Keep in touch');\n});",
              "err": {},
              "uuid": "d6c7a925-a6da-4add-8345-6421da3044d4",
              "parentUUID": "3d120c47-bf17-4972-9808-ab497bc289a4",
              "isHook": false,
              "skipped": false
            },
            {
              "title": "Learn Handling the web Tables sibling DOM eleming \".next\" & \"each",
              "fullTitle": "Rahul Shetty- Test to learn Check Boxes drop downs Learn Handling the web Tables sibling DOM eleming \".next\" & \"each",
              "timedOut": null,
              "duration": 417,
              "state": "passed",
              "speed": "fast",
              "pass": true,
              "fail": false,
              "pending": false,
              "context": null,
              "code": "// :nth-child(2) is here used to find the CSS Element of column// \n// You can traverse to sibling with next() and it worked only on get //\ncy.get('#product tr td:nth-child(2)').each(function ($el, $index, $list) {\n    var text = $el.text();\n    if (text.includes('Python')) {\n        cy.get('tr td:nth-child(2)').eq($index).next().then(function (price) {\n            var priceText = price.text();\n            expect(priceText).to.eq('25');\n        });\n    }\n});",
              "err": {},
              "uuid": "6ede51a2-a86d-429a-8766-2633113af771",
              "parentUUID": "3d120c47-bf17-4972-9808-ab497bc289a4",
              "isHook": false,
              "skipped": false
            },
            {
              "title": "Learn \"MouseOver\" in cypress with Jquery of \"show()\"method ",
              "fullTitle": "Rahul Shetty- Test to learn Check Boxes drop downs Learn \"MouseOver\" in cypress with Jquery of \"show()\"method ",
              "timedOut": null,
              "duration": 372,
              "state": "passed",
              "speed": "fast",
              "pass": true,
              "fail": false,
              "pending": false,
              "context": null,
              "code": "// if we used \"{ force: true }\" cypress used to clcik the invisible elements //\ncy.get('#mousehover').invoke('show');\ncy.contains('Top').click({ force: true });\ncy.url().should('includes', 'top');",
              "err": {},
              "uuid": "12dbbbaf-2573-440a-9fbd-f210fe89ce69",
              "parentUUID": "3d120c47-bf17-4972-9808-ab497bc289a4",
              "isHook": false,
              "skipped": false
            }
          ],
          "suites": [],
          "passes": [
            "1e7d0bf3-3e0f-4b22-a3f5-39bd9515d291",
            "fb6cb678-921f-45cd-8e0e-8c0f921a3f8c",
            "4de877da-c002-49c4-ae20-9c0892a7ccfd",
            "eafbe0a9-938a-4d18-9067-0d91301dbebe",
            "599ba25d-3e2d-4d79-b64f-599aceb7a26b",
            "b843cbb5-dae0-4628-8317-e5f673594328",
            "d6c7a925-a6da-4add-8345-6421da3044d4",
            "6ede51a2-a86d-429a-8766-2633113af771",
            "12dbbbaf-2573-440a-9fbd-f210fe89ce69"
          ],
          "failures": [],
          "pending": [],
          "skipped": [],
          "duration": 11049,
          "root": false,
          "rootEmpty": false,
          "_timeout": 2000
        }
      ],
      "passes": [],
      "failures": [],
      "pending": [],
      "skipped": [],
      "duration": 0,
      "root": true,
      "rootEmpty": true,
      "_timeout": 2000
    },
    {
      "uuid": "d5f7de19-7525-41cf-8dfa-6da3ece2ea61",
      "title": "",
      "fullFile": "cypress/e2e/RHL-TestsFor-CypressConcepts/Test4-iframe-spec.ts",
      "file": "cypress/e2e/RHL-TestsFor-CypressConcepts/Test4-iframe-spec.ts",
      "beforeHooks": [],
      "afterHooks": [],
      "tests": [],
      "suites": [
        {
          "uuid": "1a3c848b-fa90-4db9-a30c-80f62c0f078a",
          "title": "Rahul Shetty- Test to learn Handling Frames",
          "fullFile": "cypress/e2e/RHL-TestsFor-CypressConcepts/Test4-iframe-spec.ts",
          "file": "cypress/e2e/RHL-TestsFor-CypressConcepts/Test4-iframe-spec.ts",
          "beforeHooks": [],
          "afterHooks": [],
          "tests": [
            {
              "title": "Learn iframe concept",
              "fullTitle": "Rahul Shetty- Test to learn Handling Frames Learn iframe concept",
              "timedOut": null,
              "duration": 11746,
              "state": "passed",
              "speed": "slow",
              "pass": true,
              "fail": false,
              "pending": false,
              "context": null,
              "code": "cy.frameLoaded('#courses-iframe');\ncy.iframe().find('[href=\"mentorship\"]').first().click();\ncy.wait(10000);\ncy.iframe().find('h1[class*=\"pricing-title\"]').should('have.length', 2);",
              "err": {},
              "uuid": "86c3327a-9580-4312-a243-4149c6b0a813",
              "parentUUID": "1a3c848b-fa90-4db9-a30c-80f62c0f078a",
              "isHook": false,
              "skipped": false
            }
          ],
          "suites": [],
          "passes": [
            "86c3327a-9580-4312-a243-4149c6b0a813"
          ],
          "failures": [],
          "pending": [],
          "skipped": [],
          "duration": 11746,
          "root": false,
          "rootEmpty": false,
          "_timeout": 2000
        }
      ],
      "passes": [],
      "failures": [],
      "pending": [],
      "skipped": [],
      "duration": 0,
      "root": true,
      "rootEmpty": true,
      "_timeout": 2000
    },
    {
      "uuid": "b363eda2-35fe-4cee-91f7-0c6dcf9d174b",
      "title": "",
      "fullFile": "cypress/e2e/RHL-TestsFor-CypressConcepts/Test5-Calender-spec.ts",
      "file": "cypress/e2e/RHL-TestsFor-CypressConcepts/Test5-Calender-spec.ts",
      "beforeHooks": [],
      "afterHooks": [],
      "tests": [],
      "suites": [
        {
          "uuid": "7ebc3f4d-df3c-4fbc-8684-f23a468f5c13",
          "title": "Rahul Shetty- Test to learn Callender",
          "fullFile": "cypress/e2e/RHL-TestsFor-CypressConcepts/Test5-Calender-spec.ts",
          "file": "cypress/e2e/RHL-TestsFor-CypressConcepts/Test5-Calender-spec.ts",
          "beforeHooks": [],
          "afterHooks": [],
          "tests": [
            {
              "title": "learn Callender",
              "fullTitle": "Rahul Shetty- Test to learn Callender learn Callender",
              "timedOut": null,
              "duration": 1065,
              "state": "passed",
              "speed": "fast",
              "pass": true,
              "fail": false,
              "pending": false,
              "context": null,
              "code": "var monthNumber = '5';\nvar date = '18';\nvar year = '2027';\nvar expectedList = [monthNumber, date, year];\ncy.get('.react-date-picker__inputGroup').click(); // for callender//\ncy.get('.react-calendar__navigation').click(); // for month //\ncy.wait(100);\ncy.get('.react-calendar__navigation').click(); // for year //\ncy.contains('button', year).click();\ncy.get('.react-calendar__year-view__months__month').eq(Number(monthNumber) - 1).click();\ncy.contains('abbr', date).click();\ncy.get(\".react-date-picker__inputGroup__input\").each(function ($el, index) {\n    cy.wrap($el).invoke('val').should('eq', expectedList[index]);\n});",
              "err": {},
              "uuid": "d26b4af0-e54b-4293-9b0c-4236d530e1ca",
              "parentUUID": "7ebc3f4d-df3c-4fbc-8684-f23a468f5c13",
              "isHook": false,
              "skipped": false
            },
            {
              "title": "learn Callender with Custom Command",
              "fullTitle": "Rahul Shetty- Test to learn Callender learn Callender with Custom Command",
              "timedOut": null,
              "duration": 743,
              "state": "passed",
              "speed": "fast",
              "pass": true,
              "fail": false,
              "pending": false,
              "context": null,
              "code": "cy.get('.react-date-picker__inputGroup').click();\ncy.GrrenKart_datePicker('21', '10', '2025');",
              "err": {},
              "uuid": "17988247-b9cb-4e3b-b3e0-12870b4cdcd1",
              "parentUUID": "7ebc3f4d-df3c-4fbc-8684-f23a468f5c13",
              "isHook": false,
              "skipped": false
            }
          ],
          "suites": [],
          "passes": [
            "d26b4af0-e54b-4293-9b0c-4236d530e1ca",
            "17988247-b9cb-4e3b-b3e0-12870b4cdcd1"
          ],
          "failures": [],
          "pending": [],
          "skipped": [],
          "duration": 1808,
          "root": false,
          "rootEmpty": false,
          "_timeout": 2000
        }
      ],
      "passes": [],
      "failures": [],
      "pending": [],
      "skipped": [],
      "duration": 0,
      "root": true,
      "rootEmpty": true,
      "_timeout": 2000
    },
    {
      "uuid": "04a799c7-a0aa-43ae-934a-43ae4db23925",
      "title": "",
      "fullFile": "cypress/e2e/RHL-TestsFor-CypressConcepts/Test6-FixtureDataAndFrameworkPractice-spec.ts",
      "file": "cypress/e2e/RHL-TestsFor-CypressConcepts/Test6-FixtureDataAndFrameworkPractice-spec.ts",
      "beforeHooks": [],
      "afterHooks": [],
      "tests": [],
      "suites": [
        {
          "uuid": "3f0f044b-a7ed-49f7-af0e-d3875a901b8e",
          "title": "Test Frame work- Lenring Hooks",
          "fullFile": "cypress/e2e/RHL-TestsFor-CypressConcepts/Test6-FixtureDataAndFrameworkPractice-spec.ts",
          "file": "cypress/e2e/RHL-TestsFor-CypressConcepts/Test6-FixtureDataAndFrameworkPractice-spec.ts",
          "beforeHooks": [],
          "afterHooks": [],
          "tests": [
            {
              "title": "Test Hooks frame work with Fixture s DATA",
              "fullTitle": "Test Frame work- Lenring Hooks Test Hooks frame work with Fixture s DATA",
              "timedOut": null,
              "duration": 1780,
              "state": "passed",
              "speed": "fast",
              "pass": true,
              "fail": false,
              "pending": false,
              "context": null,
              "code": "cy.get('form input[name=\"name\"]:nth-child(2)').clear().type(_this.data.name);\ncy.wait(1000);\ncy.get('#exampleFormControlSelect1').select(_this.data.gender);\ncy.get(':nth-child(4) > .ng-untouched').should('have.value', _this.data.name);\ncy.get('input[name = \"name\"]:nth-child(2)').should('have.attr', 'minlength', '2');\ncy.get('#inlineRadio3').should('be.disabled');",
              "err": {},
              "uuid": "42d3367e-31e2-4b81-bdc2-cb2b9115c9a2",
              "parentUUID": "3f0f044b-a7ed-49f7-af0e-d3875a901b8e",
              "isHook": false,
              "skipped": false
            },
            {
              "title": "Test Hooks frame work",
              "fullTitle": "Test Frame work- Lenring Hooks Test Hooks frame work",
              "timedOut": null,
              "duration": 2902,
              "state": "passed",
              "speed": "fast",
              "pass": true,
              "fail": false,
              "pending": false,
              "context": null,
              "code": "cy.fixture('RahulTestPractice1').then(function (Fdata) {\n    cy.get('form input[name=\"name\"]:nth-child(2)').clear().type(Fdata.name);\n    cy.get('#exampleFormControlSelect1').select(Fdata.gender);\n});\ncy.contains('Shop').click();\n// cy.pause();\n//cy.debug //\n// if fixtures data is very less like 2 then falow below //\n// cy.AddCartForMobileShop(this.data.productName[0]);\n// cy.AddCartForMobileShop(this.data.productName[1]);\n//what if fixtures data is very high like 100 or more than?falow below //\n_this.data.productName;\n_this.data.productName.forEach(function (elements) {\n    cy.AddCartForMobileShop(elements);\n});",
              "err": {},
              "uuid": "cfca2194-aa3b-48a2-b23f-1b117a367dde",
              "parentUUID": "3f0f044b-a7ed-49f7-af0e-d3875a901b8e",
              "isHook": false,
              "skipped": false
            }
          ],
          "suites": [],
          "passes": [
            "42d3367e-31e2-4b81-bdc2-cb2b9115c9a2",
            "cfca2194-aa3b-48a2-b23f-1b117a367dde"
          ],
          "failures": [],
          "pending": [],
          "skipped": [],
          "duration": 4682,
          "root": false,
          "rootEmpty": false,
          "_timeout": 2000
        }
      ],
      "passes": [],
      "failures": [],
      "pending": [],
      "skipped": [],
      "duration": 0,
      "root": true,
      "rootEmpty": true,
      "_timeout": 2000
    },
    {
      "uuid": "203d8cd9-3259-46b0-9581-3d1e868b838b",
      "title": "",
      "fullFile": "cypress/e2e/RHL-TestsFor-CypressConcepts/Test7-PageObjectsHomePage-spec.ts",
      "file": "cypress/e2e/RHL-TestsFor-CypressConcepts/Test7-PageObjectsHomePage-spec.ts",
      "beforeHooks": [],
      "afterHooks": [],
      "tests": [],
      "suites": [
        {
          "uuid": "3bec9d12-8625-4da1-88d6-f212e7a94fca",
          "title": "Test Frame work- Lenring Hooks",
          "fullFile": "cypress/e2e/RHL-TestsFor-CypressConcepts/Test7-PageObjectsHomePage-spec.ts",
          "file": "cypress/e2e/RHL-TestsFor-CypressConcepts/Test7-PageObjectsHomePage-spec.ts",
          "beforeHooks": [],
          "afterHooks": [],
          "tests": [
            {
              "title": "Test Hooks frame work with Fixture s DATA",
              "fullTitle": "Test Frame work- Lenring Hooks Test Hooks frame work with Fixture s DATA",
              "timedOut": null,
              "duration": 1715,
              "state": "passed",
              "speed": "fast",
              "pass": true,
              "fail": false,
              "pending": false,
              "context": null,
              "code": "homepage.getEdiorBox().clear().type(testData.name);\ncy.wait(1000);\nhomepage.getGender().select(testData.gender);\nhomepage.getTwoWayDataBinding().should('have.value', testData.name);\nhomepage.getEdiorBox().should('have.attr', 'minlength', '2');\nhomepage.getPrenuar().should('be.disabled');",
              "err": {},
              "uuid": "b321939f-1ed6-479d-b230-fafa917717f8",
              "parentUUID": "3bec9d12-8625-4da1-88d6-f212e7a94fca",
              "isHook": false,
              "skipped": false
            },
            {
              "title": "Test Shop App",
              "fullTitle": "Test Frame work- Lenring Hooks Test Shop App",
              "timedOut": null,
              "duration": 9548,
              "state": "passed",
              "speed": "medium",
              "pass": true,
              "fail": false,
              "pending": false,
              "context": null,
              "code": "cy.fixture('RahulTestPractice1').then(function (Fdata) {\n    cy.get('form input[name=\"name\"]:nth-child(2)').clear().type(Fdata.name);\n    cy.get('#exampleFormControlSelect1').select(Fdata.gender);\n    homepage.getShopTab().click();\n});\ntestData.productName;\ntestData.productName.forEach(function (elements) {\n    cy.AddCartForMobileShop(elements);\n});\nproductPage.checkOutButtonProcess().click();\nvar sum = 0;\ncy.get('tr td:nth-child(4) strong').each(function ($el) {\n    cy.log($el.text());\n    var amount = $el.text();\n    var response = amount.split(\" \"); // response is an array here\n    var trimmedAmount = response[1].trim(); // Get the trimmed value from the array\n    sum = sum + Number(trimmedAmount); // Add the value to sum\n}).then(function () {\n    cy.log(\"\".concat(sum)); // Convert sum to string before logging\n});\ncy.get('h3 strong').then(function ($element) {\n    var totalAmount = $element.text();\n    var res = totalAmount.split(\" \");\n    var trimmiedresAmount = res[1].trim();\n    var finamTotalamount = Number(trimmiedresAmount);\n    expect(finamTotalamount).to.eq(sum);\n});\nproductPage.CheckoutToProcedBuy().click();\ncy.get('input[id=\"country\"]').clear().type('Ind');\ncy.wait(5000);\ncy.get('[class=\"suggestions\"] ul li a').each(function ($countries) {\n    var countryName = $countries.text().trim();\n    if (countryName === \"India\") {\n        cy.wait(1000);\n        cy.wrap($countries).click({ force: true });\n    }\n});\ncy.get('[id=\"checkbox2\"]').check({ force: true });\ncy.get('[class=\"btn btn-success btn-lg\"]').should('have.attr', 'value', 'Purchase').click();\ncy.get('[class=\"alert alert-success alert-dismissible\"]').should('contain', \"Thank you! Your order will be delivered in next few weeks :-).\");",
              "err": {},
              "uuid": "2df3a4a3-ec4d-4547-9be6-fe5ab8e5c887",
              "parentUUID": "3bec9d12-8625-4da1-88d6-f212e7a94fca",
              "isHook": false,
              "skipped": false
            }
          ],
          "suites": [],
          "passes": [
            "b321939f-1ed6-479d-b230-fafa917717f8",
            "2df3a4a3-ec4d-4547-9be6-fe5ab8e5c887"
          ],
          "failures": [],
          "pending": [],
          "skipped": [],
          "duration": 11263,
          "root": false,
          "rootEmpty": false,
          "_timeout": 2000
        }
      ],
      "passes": [],
      "failures": [],
      "pending": [],
      "skipped": [],
      "duration": 0,
      "root": true,
      "rootEmpty": true,
      "_timeout": 2000
    },
    {
      "uuid": "16f755d4-4407-4580-a889-360b343cee74",
      "title": "",
      "fullFile": "cypress/e2e/RHL-TestsFor-CypressConcepts/Test8-PageObjects-ShoppingApp-spec.ts",
      "file": "cypress/e2e/RHL-TestsFor-CypressConcepts/Test8-PageObjects-ShoppingApp-spec.ts",
      "beforeHooks": [],
      "afterHooks": [],
      "tests": [],
      "suites": [
        {
          "uuid": "06c8344c-b246-4440-8af0-282a7a6a1cb3",
          "title": "End to End ecommerce Test",
          "fullFile": "cypress/e2e/RHL-TestsFor-CypressConcepts/Test8-PageObjects-ShoppingApp-spec.ts",
          "file": "cypress/e2e/RHL-TestsFor-CypressConcepts/Test8-PageObjects-ShoppingApp-spec.ts",
          "beforeHooks": [],
          "afterHooks": [],
          "tests": [
            {
              "title": "Submit Order",
              "fullTitle": "End to End ecommerce Test Submit Order",
              "timedOut": null,
              "duration": 20477,
              "state": "passed",
              "speed": "slow",
              "pass": true,
              "fail": false,
              "pending": false,
              "context": null,
              "code": "var productName = fixtureData.productName; // product name here is fixtures data \ncy.wait(10000);\nthis.homepage.goTo();\ncy.log(fixtureData.username);\nvar productPage = this.homepage.login(fixtureData.username, fixtureData.password);\nproductPage.pageValidation();\nproductPage.getCardCount().should('have.length', 4);\nproductPage.selectProduct(productName);\nproductPage.selectFirstProduct();\nvar cartPage = productPage.goToCart();\ncartPage.sumOfProducts().then(function (sum) {\n    expect(sum).to.be.lessThan(200000);\n});\nvar confirmationPage = cartPage.checkoutItems();\nconfirmationPage.submitFormDetails();\nconfirmationPage.getAlertMessage().should('contain', 'Success');",
              "err": {},
              "uuid": "35f4a867-ec34-4404-aa21-f801ae46d5a3",
              "parentUUID": "06c8344c-b246-4440-8af0-282a7a6a1cb3",
              "isHook": false,
              "skipped": false
            }
          ],
          "suites": [],
          "passes": [
            "35f4a867-ec34-4404-aa21-f801ae46d5a3"
          ],
          "failures": [],
          "pending": [],
          "skipped": [],
          "duration": 20477,
          "root": false,
          "rootEmpty": false,
          "_timeout": 2000
        }
      ],
      "passes": [],
      "failures": [],
      "pending": [],
      "skipped": [],
      "duration": 0,
      "root": true,
      "rootEmpty": true,
      "_timeout": 2000
    },
    {
      "uuid": "73a2a877-feea-47ca-8758-daff235bf926",
      "title": "",
      "fullFile": "cypress/e2e/Cypress-API-Testing/AnilOwnServerRunTest.spec.ts",
      "file": "cypress/e2e/Cypress-API-Testing/AnilOwnServerRunTest.spec.ts",
      "beforeHooks": [],
      "afterHooks": [],
      "tests": [],
      "suites": [
        {
          "uuid": "2c738f4f-224d-4da6-b73f-ecc21fcf1ebf",
          "title": "API Tests for /api/message",
          "fullFile": "cypress/e2e/Cypress-API-Testing/AnilOwnServerRunTest.spec.ts",
          "file": "cypress/e2e/Cypress-API-Testing/AnilOwnServerRunTest.spec.ts",
          "beforeHooks": [],
          "afterHooks": [],
          "tests": [
            {
              "title": "GET /api/message should return the default message",
              "fullTitle": "API Tests for /api/message GET /api/message should return the default message",
              "timedOut": null,
              "duration": 578,
              "state": "failed",
              "speed": null,
              "pass": false,
              "fail": true,
              "pending": false,
              "context": null,
              "code": "cy.request(\"GET\", baseUrl).should(function (response) {\n    expect(response.status).to.eq(200);\n    expect(response.body.message).to.eq(\"Hello, Default!\"); // Expected message\n});",
              "err": {
                "message": "CypressError: `cy.request()` failed trying to load:\n\nhttp://localhost:3000/api/message\n\nWe attempted to make an http request to this URL but the request failed without a response.\n\nWe received this error at the network level:\n\n  > AggregateError\n\n-----------------------------------------------------------\n\nThe request we sent was:\n\nMethod: POST\nURL: http://localhost:3000/api/message\n\n-----------------------------------------------------------\n\nCommon situations why this would fail:\n  - you don't have internet access\n  - you forgot to run / boot your web server\n  - your web server isn't accessible\n  - you have weird network configuration settings on your computer\n\nhttps://on.cypress.io/request\n\nBecause this error occurred during a `before each` hook we are skipping the remaining tests in the current suite: `API Tests for /api/message`",
                "estack": "CypressError: `cy.request()` failed trying to load:\n\nhttp://localhost:3000/api/message\n\nWe attempted to make an http request to this URL but the request failed without a response.\n\nWe received this error at the network level:\n\n  > AggregateError\n\n-----------------------------------------------------------\n\nThe request we sent was:\n\nMethod: POST\nURL: http://localhost:3000/api/message\n\n-----------------------------------------------------------\n\nCommon situations why this would fail:\n  - you don't have internet access\n  - you forgot to run / boot your web server\n  - your web server isn't accessible\n  - you have weird network configuration settings on your computer\n\nhttps://on.cypress.io/request\n\nBecause this error occurred during a `before each` hook we are skipping the remaining tests in the current suite: `API Tests for /api/message`\n    at <unknown> (https://demoqa.com/__cypress/runner/cypress_runner.js:133639:70)\n    at tryCatcher (https://demoqa.com/__cypress/runner/cypress_runner.js:1777:23)\n    at <unknown> (https://demoqa.com/__cypress/runner/cypress_runner.js:4173:37)\n    at tryCatcher (https://demoqa.com/__cypress/runner/cypress_runner.js:1777:23)\n    at Promise._settlePromiseFromHandler (https://demoqa.com/__cypress/runner/cypress_runner.js:1489:31)\n    at Promise._settlePromise (https://demoqa.com/__cypress/runner/cypress_runner.js:1546:18)\n    at Promise._settlePromise0 (https://demoqa.com/__cypress/runner/cypress_runner.js:1591:10)\n    at Promise._settlePromises (https://demoqa.com/__cypress/runner/cypress_runner.js:1667:18)\n    at _drainQueueStep (https://demoqa.com/__cypress/runner/cypress_runner.js:2377:12)\n    at _drainQueue (https://demoqa.com/__cypress/runner/cypress_runner.js:2370:9)\n    at Async._drainQueues (https://demoqa.com/__cypress/runner/cypress_runner.js:2386:5)\n    at Async.drainQueues (https://demoqa.com/__cypress/runner/cypress_runner.js:2256:14)\nFrom Your Spec Code:\n    at Context.eval (webpack://udemy-rahulshettycypress/./cypress/e2e/Cypress-API-Testing/AnilOwnServerRunTest.spec.ts:5:0)\n\nFrom Node.js Internals:\n  RequestError: AggregateError\n      at new d (<embedded>:227:431194)\n      at ee.callback (<embedded>:227:437195)\n      at e.callback.s.callback [as _callback] (<embedded>:227:436641)\n      at s._callback.s.callback.s.callback (<embedded>:290:100253)\n      at ee.emit (node:events:518:28)\n      at ee.onRequestError (<embedded>:290:109195)\n      at ClientRequest.emit (node:events:530:35)\n      at emitErrorEvent (node:_http_client:101:11)\n      at Socket.socketErrorListener (node:_http_client:504:5)\n      at Socket.emit (node:events:518:28)\n      at emitErrorNT (node:internal/streams/destroy:169:8)\n      at emitErrorCloseNT (node:internal/streams/destroy:128:3)\n      at process.processTicksAndRejections (node:internal/process/task_queues:82:21)",
                "diff": null
              },
              "uuid": "fd716dde-27d9-449a-b9eb-41c553c6c41f",
              "parentUUID": "2c738f4f-224d-4da6-b73f-ecc21fcf1ebf",
              "isHook": false,
              "skipped": false
            },
            {
              "title": "POST /api/message should return a personalized message",
              "fullTitle": "API Tests for /api/message POST /api/message should return a personalized message",
              "timedOut": null,
              "duration": 0,
              "state": "skipped",
              "speed": null,
              "pass": false,
              "fail": false,
              "pending": false,
              "context": null,
              "code": "cy.request(\"POST\", baseUrl, { user: \"Anil\" }).should(function (response) {\n    expect(response.status).to.eq(200);\n    expect(response.body.message).to.eq(\"Hello, Anil!\");\n});",
              "err": {},
              "uuid": "5ea17e3f-adb7-4cf1-8fae-efd8f97df68d",
              "parentUUID": "2c738f4f-224d-4da6-b73f-ecc21fcf1ebf",
              "isHook": false,
              "skipped": true
            },
            {
              "title": "PATCH /api/message should update the message",
              "fullTitle": "API Tests for /api/message PATCH /api/message should update the message",
              "timedOut": null,
              "duration": 0,
              "state": "skipped",
              "speed": null,
              "pass": false,
              "fail": false,
              "pending": false,
              "context": null,
              "code": "cy.request(\"PATCH\", baseUrl, { text: \"Updated Cypress Message\" }).should(function (response) {\n    expect(response.status).to.eq(200);\n    expect(response.body.message).to.eq(\"Message updated to: Updated Cypress Message\");\n});\n// Confirm with a GET request\ncy.request(\"GET\", baseUrl).should(function (response) {\n    expect(response.body.message).to.eq(\"Updated Cypress Message\");\n});",
              "err": {},
              "uuid": "bbe95a0a-52d6-481e-b877-308fadae548d",
              "parentUUID": "2c738f4f-224d-4da6-b73f-ecc21fcf1ebf",
              "isHook": false,
              "skipped": true
            },
            {
              "title": "DELETE /api/message should clear the message",
              "fullTitle": "API Tests for /api/message DELETE /api/message should clear the message",
              "timedOut": null,
              "duration": 0,
              "state": "skipped",
              "speed": null,
              "pass": false,
              "fail": false,
              "pending": false,
              "context": null,
              "code": "cy.request(\"DELETE\", baseUrl).should(function (response) {\n    expect(response.status).to.eq(200);\n    expect(response.body.message).to.eq(\"Message deleted\");\n});\n// Confirm GET returns default message\ncy.request(\"GET\", baseUrl).should(function (response) {\n    expect(response.body.message).to.eq(\"Hello from Express with TypeScript!\"); // Reset in server\n});",
              "err": {},
              "uuid": "ffc01cd0-12f4-442b-9916-eb83d5196711",
              "parentUUID": "2c738f4f-224d-4da6-b73f-ecc21fcf1ebf",
              "isHook": false,
              "skipped": true
            }
          ],
          "suites": [],
          "passes": [],
          "failures": [
            "fd716dde-27d9-449a-b9eb-41c553c6c41f"
          ],
          "pending": [],
          "skipped": [
            "5ea17e3f-adb7-4cf1-8fae-efd8f97df68d",
            "bbe95a0a-52d6-481e-b877-308fadae548d",
            "ffc01cd0-12f4-442b-9916-eb83d5196711"
          ],
          "duration": 578,
          "root": false,
          "rootEmpty": false,
          "_timeout": 2000
        }
      ],
      "passes": [],
      "failures": [],
      "pending": [],
      "skipped": [],
      "duration": 0,
      "root": true,
      "rootEmpty": true,
      "_timeout": 2000
    },
    {
      "uuid": "8fc386cf-d053-47ea-a277-3825787eeee5",
      "title": "",
      "fullFile": "cypress/e2e/Cypress-API-Testing/DummyJSON-API-Test.spec.ts",
      "file": "cypress/e2e/Cypress-API-Testing/DummyJSON-API-Test.spec.ts",
      "beforeHooks": [],
      "afterHooks": [],
      "tests": [],
      "suites": [
        {
          "uuid": "c3002e67-6012-4690-b336-c5ee653510a4",
          "title": "API Testing for Dummy Json Web site Application For Practice",
          "fullFile": "cypress/e2e/Cypress-API-Testing/DummyJSON-API-Test.spec.ts",
          "file": "cypress/e2e/Cypress-API-Testing/DummyJSON-API-Test.spec.ts",
          "beforeHooks": [],
          "afterHooks": [],
          "tests": [
            {
              "title": "Mock log in successfully",
              "fullTitle": "API Testing for Dummy Json Web site Application For Practice Mock log in successfully",
              "timedOut": null,
              "duration": 344,
              "state": "passed",
              "speed": "fast",
              "pass": true,
              "fail": false,
              "pending": false,
              "context": null,
              "code": "cy.request({\n    method: 'POST',\n    url: 'https://dummyjson.com/auth/login',\n    headers: {\n        'Content-Type': 'application/json'\n    },\n    body: {\n        username: 'emilys',\n        password: 'emilyspass',\n        expiresInMins: 30 // optional, defaults to 60\n    },\n}).then(function (response) {\n    console.log('Full Response:', response);\n    expect(response.status).to.eq(200);\n    expect(response.body).to.have.property('accessToken');\n    expect(response.body).to.have.property('refreshToken');\n    expect(response.body.username).to.eq('emilys');\n    accessToken = response.body.accessToken; // Store token in a variable\n    cy.log('accessToken:', accessToken); // Log token in Cypress\n    // Store token in localStorage\n    cy.window().then(function (win) {\n        win.localStorage.setItem('accessToken', accessToken);\n    });\n    // Assert token exists in localStorage\n    cy.window().then(function (win) {\n        expect(win.localStorage.getItem('accessToken')).to.exist;\n        expect(win.localStorage.getItem('accessToken')).to.eq(response.body.accessToken);\n    });\n}).then(function () {\n    // Get current auth user //\n    /* providing accessToken in bearer */\n    cy.request('https://dummyjson.com/auth/me', {\n        method: 'GET',\n        headers: {\n            'Authorization': accessToken, // Pass JWT via Authorization header\n        },\n    }).then(function (resp) {\n        console.log(resp.body);\n        expect(resp.body.address.address).to.equal(\"626 Main Street\");\n        expect(resp.body.address.city).to.equal(\"Phoenix\");\n        expect(resp.body.age).to.equal(28);\n    });\n});",
              "err": {},
              "uuid": "f3855ba4-74db-4488-92b4-2e7a4f0a2d3a",
              "parentUUID": "c3002e67-6012-4690-b336-c5ee653510a4",
              "isHook": false,
              "skipped": false
            },
            {
              "title": "GET Call-API for All products fetch",
              "fullTitle": "API Testing for Dummy Json Web site Application For Practice GET Call-API for All products fetch",
              "timedOut": null,
              "duration": 98,
              "state": "passed",
              "speed": "fast",
              "pass": true,
              "fail": false,
              "pending": false,
              "context": null,
              "code": "cy.request({\n    method: 'GET',\n    url: 'https://dummyjson.com/products',\n}).then(function (res) {\n    expect(res.status).to.equal(200);\n    expect(res.body.products).to.be.an('array');\n    expect(res.body.products.length).to.be.greaterThan(0);\n});",
              "err": {},
              "uuid": "4d0f7913-dcd9-4aed-9a57-42d6988641b7",
              "parentUUID": "c3002e67-6012-4690-b336-c5ee653510a4",
              "isHook": false,
              "skipped": false
            },
            {
              "title": "GET CAll-API Should fetch a single product",
              "fullTitle": "API Testing for Dummy Json Web site Application For Practice GET CAll-API Should fetch a single product",
              "timedOut": null,
              "duration": 83,
              "state": "passed",
              "speed": "fast",
              "pass": true,
              "fail": false,
              "pending": false,
              "context": null,
              "code": "cy.request({\n    method: 'GET',\n    url: 'https://dummyjson.com/products/1'\n}).then(function (resp) {\n    expect(resp.status).to.eq(200);\n    expect(resp.body).to.have.property('id', 1);\n    expect(resp.body).to.have.property('title').to.equal('Essence Mascara Lash Princess');\n    expect(resp.body).to.have.property('category', 'beauty');\n    var reviews = resp.body.reviews[2];\n    expect(reviews.reviewerEmail).to.equal('eleanor.collins@x.dummyjson.com');\n    expect(reviews.rating).to.equal(5);\n    expect(reviews.reviewerName).to.equal('Eleanor Collins');\n    cy.log(resp.body);\n});",
              "err": {},
              "uuid": "4904517b-65f5-4938-94ff-befd714ab79b",
              "parentUUID": "c3002e67-6012-4690-b336-c5ee653510a4",
              "isHook": false,
              "skipped": false
            }
          ],
          "suites": [],
          "passes": [
            "f3855ba4-74db-4488-92b4-2e7a4f0a2d3a",
            "4d0f7913-dcd9-4aed-9a57-42d6988641b7",
            "4904517b-65f5-4938-94ff-befd714ab79b"
          ],
          "failures": [],
          "pending": [],
          "skipped": [],
          "duration": 525,
          "root": false,
          "rootEmpty": false,
          "_timeout": 2000
        }
      ],
      "passes": [],
      "failures": [],
      "pending": [],
      "skipped": [],
      "duration": 0,
      "root": true,
      "rootEmpty": true,
      "_timeout": 2000
    },
    {
      "uuid": "6d5caadb-4629-4aad-9aca-54dd5e766061",
      "title": "",
      "fullFile": "cypress/e2e/Cypress-API-Testing/GET-WeatherAPI-anil-Test1.spec.ts",
      "file": "cypress/e2e/Cypress-API-Testing/GET-WeatherAPI-anil-Test1.spec.ts",
      "beforeHooks": [],
      "afterHooks": [],
      "tests": [],
      "suites": [
        {
          "uuid": "b2591968-aae0-4b81-9efc-0e5b2ea930cc",
          "title": "Test For Weather API",
          "fullFile": "cypress/e2e/Cypress-API-Testing/GET-WeatherAPI-anil-Test1.spec.ts",
          "file": "cypress/e2e/Cypress-API-Testing/GET-WeatherAPI-anil-Test1.spec.ts",
          "beforeHooks": [],
          "afterHooks": [],
          "tests": [
            {
              "title": "Test Weather",
              "fullTitle": "Test For Weather API Test Weather",
              "timedOut": null,
              "duration": 54,
              "state": "failed",
              "speed": null,
              "pass": false,
              "fail": true,
              "pending": false,
              "context": null,
              "code": "cy.request({\n    method: 'GET',\n    url: \"http://api.openweathermap.org/geo/1.0/direct?q=London&limit=5&appid=\".concat(apiKey)\n}).then(function (response) {\n    // Status Code Assertions\n    expect(response.status).to.eq(200); // Ensure response is 200 OK\n    expect(response.status).to.be.within(200, 299); // Ensure 2xx success range\n    //  Response Type and Structure Assertions\n    expect(response.body).to.be.an('array'); // Ensure response is an array\n    expect(response.body.length).to.be.greaterThan(0); // Ensure it has data\n    expect(response.body[0]).to.include.all.keys('name', 'lat', 'lon', 'country'); // Validate response structure\n    //Data Integrity Assertions\n    expect(response.body[0].name).to.be.a('string').and.not.be.empty; // Ensure name is a valid string\n    expect(response.body[0].lat).to.be.a('number'); // Latitude should be a number\n    expect(response.body[0].lon).to.be.a('number'); // Longitude should be a number\n    expect(response.body[0].country).to.be.a('string').and.have.length(2); // Country code should be 2 characters (ISO 3166-1)\n    //Data Validation Assertions\n    expect(response.body.some(function (city) { return city.name === 'London'; })).to.be.true; // Ensure 'London' exists in the response\n    expect(response.body.every(function (city) { return typeof city.lat === 'number' && typeof city.lon === 'number'; })).to.be.true; // Validate lat/lon are numbers for all results\n    expect(response.body.every(function (city) { return city.country.match(/^[A-Z]{2}$/); })).to.be.true; // Ensure country follows ISO format\n    // Performance & Header Assertions\n    expect(response.duration).to.be.lessThan(2000); // Ensure response time is under 2 seconds\n    expect(response.headers).to.have.property('content-type').and.include('application/json'); // Validate response header\n    // Negative Case Assertions\n    cy.request({\n        method: 'GET',\n        url: \"http://api.openweathermap.org/geo/1.0/direct?q=London&limit=5&appid=INVALID_KEY\",\n        failOnStatusCode: false\n    }).then(function (resp) {\n        expect(resp.status).to.be.oneOf([400, 401, 403, 404]); // Handle possible API errors\n    });\n});",
              "err": {
                "message": "CypressError: `cy.request()` failed on:\n\nhttp://api.openweathermap.org/geo/1.0/direct?q=London&limit=5&appid=undefined\n\nThe response we received from your web server was:\n\n  > 401: Unauthorized\n\nThis was considered a failure because the status code was not `2xx` or `3xx`.\n\nIf you do not want status codes to cause failures pass the option: `failOnStatusCode: false`\n\n-----------------------------------------------------------\n\nThe request we sent was:\n\nMethod: GET\nURL: http://api.openweathermap.org/geo/1.0/direct?q=London&limit=5&appid=undefined\nHeaders: {\n  \"Connection\": \"keep-alive\",\n  \"user-agent\": \"Mozilla/5.0 (Macintosh; Intel Mac OS X 10_15_7) AppleWebKit/537.36 (KHTML, like Gecko) Cypress/14.1.0 Chrome/130.0.6723.137 Electron/33.2.1 Safari/537.36\",\n  \"accept\": \"*/*\",\n  \"accept-encoding\": \"gzip, deflate\"\n}\n\n-----------------------------------------------------------\n\nThe response we got was:\n\nStatus: 401 - Unauthorized\nHeaders: {\n  \"date\": \"Wed, 16 Jul 2025 14:51:08 GMT\",\n  \"content-type\": \"application/json; charset=utf-8\",\n  \"content-length\": \"108\",\n  \"connection\": \"keep-alive\",\n  \"x-cache-key\": \"/geo/1.0/direct?limit=5&q=london\",\n  \"access-control-allow-origin\": \"*\",\n  \"access-control-allow-credentials\": \"true\",\n  \"access-control-allow-methods\": \"GET, POST\"\n}\nBody: {\n  \"cod\": 401,\n  \"message\": \"Invalid API key. Please see https://openweathermap.org/faq#error401 for more info.\"\n}\n\n\nhttps://on.cypress.io/request",
                "estack": "CypressError: `cy.request()` failed on:\n\nhttp://api.openweathermap.org/geo/1.0/direct?q=London&limit=5&appid=undefined\n\nThe response we received from your web server was:\n\n  > 401: Unauthorized\n\nThis was considered a failure because the status code was not `2xx` or `3xx`.\n\nIf you do not want status codes to cause failures pass the option: `failOnStatusCode: false`\n\n-----------------------------------------------------------\n\nThe request we sent was:\n\nMethod: GET\nURL: http://api.openweathermap.org/geo/1.0/direct?q=London&limit=5&appid=undefined\nHeaders: {\n  \"Connection\": \"keep-alive\",\n  \"user-agent\": \"Mozilla/5.0 (Macintosh; Intel Mac OS X 10_15_7) AppleWebKit/537.36 (KHTML, like Gecko) Cypress/14.1.0 Chrome/130.0.6723.137 Electron/33.2.1 Safari/537.36\",\n  \"accept\": \"*/*\",\n  \"accept-encoding\": \"gzip, deflate\"\n}\n\n-----------------------------------------------------------\n\nThe response we got was:\n\nStatus: 401 - Unauthorized\nHeaders: {\n  \"date\": \"Wed, 16 Jul 2025 14:51:08 GMT\",\n  \"content-type\": \"application/json; charset=utf-8\",\n  \"content-length\": \"108\",\n  \"connection\": \"keep-alive\",\n  \"x-cache-key\": \"/geo/1.0/direct?limit=5&q=london\",\n  \"access-control-allow-origin\": \"*\",\n  \"access-control-allow-credentials\": \"true\",\n  \"access-control-allow-methods\": \"GET, POST\"\n}\nBody: {\n  \"cod\": 401,\n  \"message\": \"Invalid API key. Please see https://openweathermap.org/faq#error401 for more info.\"\n}\n\n\nhttps://on.cypress.io/request\n    at <unknown> (https://demoqa.com/__cypress/runner/cypress_runner.js:133611:72)\n    at tryCatcher (https://demoqa.com/__cypress/runner/cypress_runner.js:1777:23)\n    at Promise._settlePromiseFromHandler (https://demoqa.com/__cypress/runner/cypress_runner.js:1489:31)\n    at Promise._settlePromise (https://demoqa.com/__cypress/runner/cypress_runner.js:1546:18)\n    at Promise._settlePromise0 (https://demoqa.com/__cypress/runner/cypress_runner.js:1591:10)\n    at Promise._settlePromises (https://demoqa.com/__cypress/runner/cypress_runner.js:1671:18)\n    at _drainQueueStep (https://demoqa.com/__cypress/runner/cypress_runner.js:2377:12)\n    at _drainQueue (https://demoqa.com/__cypress/runner/cypress_runner.js:2370:9)\n    at Async._drainQueues (https://demoqa.com/__cypress/runner/cypress_runner.js:2386:5)\n    at Async.drainQueues (https://demoqa.com/__cypress/runner/cypress_runner.js:2256:14)\nFrom Your Spec Code:\n    at Context.eval (webpack://udemy-rahulshettycypress/./cypress/e2e/Cypress-API-Testing/GET-WeatherAPI-anil-Test1.spec.ts:4:0)",
                "diff": null
              },
              "uuid": "a81b9426-4428-4265-b9bf-8a3f8a41913f",
              "parentUUID": "b2591968-aae0-4b81-9efc-0e5b2ea930cc",
              "isHook": false,
              "skipped": false
            },
            {
              "title": "Test for Coordinates by zip/post code",
              "fullTitle": "Test For Weather API Test for Coordinates by zip/post code",
              "timedOut": null,
              "duration": 52,
              "state": "failed",
              "speed": null,
              "pass": false,
              "fail": true,
              "pending": false,
              "context": null,
              "code": "cy.request({\n    method: \"GET\",\n    url: \"http://api.openweathermap.org/geo/1.0/zip?zip=10001,US&appid=\".concat(apiKey)\n}).then(function (response) {\n    cy.log(JSON.stringify(response.body)); // Debugging response\n    // ✅ **Status Code Assertions**\n    expect(response.status).to.eq(200); // Ensure response is 200 OK\n    expect(response.status).to.be.within(200, 299); // Ensure 2xx success range\n    // ✅ **Response Body Assertions**\n    expect(response.body).to.be.an('object'); // Ensure response is an object\n    expect(response.body).to.have.all.keys('zip', 'name', 'lat', 'lon', 'country'); // Validate response structure\n    // ✅ **ZIP Code & City Assertions**\n    expect(response.body.zip).to.be.a('string').and.eq('10001'); // Validate ZIP Code\n    expect(response.body.name).to.be.a('string').and.eq('New York'); // Validate city name\n    // ✅ **Latitude & Longitude Assertions**\n    expect(response.body.lat).to.be.a('number').and.eq(40.7484); // Validate latitude\n    expect(response.body.lon).to.be.a('number').and.eq(-73.9967); // Validate longitude\n    // ✅ **Country Code Assertions**\n    expect(response.body.country).to.be.a('string').and.eq('US'); // Validate country code\n    // ✅ **Data Type Assertions**\n    expect(response.body.zip).to.be.a('string'); // ZIP should be a string\n    expect(response.body.name).to.be.a('string'); // City should be a string\n    expect(response.body.lat).to.be.a('number'); // Latitude should be a number\n    expect(response.body.lon).to.be.a('number'); // Longitude should be a number\n    expect(response.body.country).to.match(/^[A-Z]{2}$/); // Country code should be 2 uppercase letters (ISO format)\n    // ✅ **Performance & Header Assertions**\n    expect(response.duration).to.be.lessThan(2000); // Ensure response time is <2 seconds\n    expect(response.headers).to.have.property('content-type').and.include('application/json'); // Validate response header\n    // ✅ **Negative Case Assertions**\n    cy.request({\n        method: 'GET',\n        url: 'http://api.openweathermap.org/geo/1.0/zip?zip=00000,US&appid=invalid_key', // Invalid ZIP & API Key\n        failOnStatusCode: false\n    }).then(function (resp) {\n        expect(resp.status).to.be.oneOf([400, 401, 404]); // Handle errors gracefully\n        expect(resp.body).to.have.property('message'); // Ensure response has error message\n    });\n});",
              "err": {
                "message": "CypressError: `cy.request()` failed on:\n\nhttp://api.openweathermap.org/geo/1.0/zip?zip=10001,US&appid=undefined\n\nThe response we received from your web server was:\n\n  > 401: Unauthorized\n\nThis was considered a failure because the status code was not `2xx` or `3xx`.\n\nIf you do not want status codes to cause failures pass the option: `failOnStatusCode: false`\n\n-----------------------------------------------------------\n\nThe request we sent was:\n\nMethod: GET\nURL: http://api.openweathermap.org/geo/1.0/zip?zip=10001,US&appid=undefined\nHeaders: {\n  \"Connection\": \"keep-alive\",\n  \"user-agent\": \"Mozilla/5.0 (Macintosh; Intel Mac OS X 10_15_7) AppleWebKit/537.36 (KHTML, like Gecko) Cypress/14.1.0 Chrome/130.0.6723.137 Electron/33.2.1 Safari/537.36\",\n  \"accept\": \"*/*\",\n  \"accept-encoding\": \"gzip, deflate\"\n}\n\n-----------------------------------------------------------\n\nThe response we got was:\n\nStatus: 401 - Unauthorized\nHeaders: {\n  \"date\": \"Wed, 16 Jul 2025 14:51:08 GMT\",\n  \"content-type\": \"application/json; charset=utf-8\",\n  \"content-length\": \"108\",\n  \"connection\": \"keep-alive\",\n  \"x-cache-key\": \"/geo/1.0/zip?zip=10001,us\",\n  \"access-control-allow-origin\": \"*\",\n  \"access-control-allow-credentials\": \"true\",\n  \"access-control-allow-methods\": \"GET, POST\"\n}\nBody: {\n  \"cod\": 401,\n  \"message\": \"Invalid API key. Please see https://openweathermap.org/faq#error401 for more info.\"\n}\n\n\nhttps://on.cypress.io/request",
                "estack": "CypressError: `cy.request()` failed on:\n\nhttp://api.openweathermap.org/geo/1.0/zip?zip=10001,US&appid=undefined\n\nThe response we received from your web server was:\n\n  > 401: Unauthorized\n\nThis was considered a failure because the status code was not `2xx` or `3xx`.\n\nIf you do not want status codes to cause failures pass the option: `failOnStatusCode: false`\n\n-----------------------------------------------------------\n\nThe request we sent was:\n\nMethod: GET\nURL: http://api.openweathermap.org/geo/1.0/zip?zip=10001,US&appid=undefined\nHeaders: {\n  \"Connection\": \"keep-alive\",\n  \"user-agent\": \"Mozilla/5.0 (Macintosh; Intel Mac OS X 10_15_7) AppleWebKit/537.36 (KHTML, like Gecko) Cypress/14.1.0 Chrome/130.0.6723.137 Electron/33.2.1 Safari/537.36\",\n  \"accept\": \"*/*\",\n  \"accept-encoding\": \"gzip, deflate\"\n}\n\n-----------------------------------------------------------\n\nThe response we got was:\n\nStatus: 401 - Unauthorized\nHeaders: {\n  \"date\": \"Wed, 16 Jul 2025 14:51:08 GMT\",\n  \"content-type\": \"application/json; charset=utf-8\",\n  \"content-length\": \"108\",\n  \"connection\": \"keep-alive\",\n  \"x-cache-key\": \"/geo/1.0/zip?zip=10001,us\",\n  \"access-control-allow-origin\": \"*\",\n  \"access-control-allow-credentials\": \"true\",\n  \"access-control-allow-methods\": \"GET, POST\"\n}\nBody: {\n  \"cod\": 401,\n  \"message\": \"Invalid API key. Please see https://openweathermap.org/faq#error401 for more info.\"\n}\n\n\nhttps://on.cypress.io/request\n    at <unknown> (https://demoqa.com/__cypress/runner/cypress_runner.js:133611:72)\n    at tryCatcher (https://demoqa.com/__cypress/runner/cypress_runner.js:1777:23)\n    at Promise._settlePromiseFromHandler (https://demoqa.com/__cypress/runner/cypress_runner.js:1489:31)\n    at Promise._settlePromise (https://demoqa.com/__cypress/runner/cypress_runner.js:1546:18)\n    at Promise._settlePromise0 (https://demoqa.com/__cypress/runner/cypress_runner.js:1591:10)\n    at Promise._settlePromises (https://demoqa.com/__cypress/runner/cypress_runner.js:1671:18)\n    at _drainQueueStep (https://demoqa.com/__cypress/runner/cypress_runner.js:2377:12)\n    at _drainQueue (https://demoqa.com/__cypress/runner/cypress_runner.js:2370:9)\n    at Async._drainQueues (https://demoqa.com/__cypress/runner/cypress_runner.js:2386:5)\n    at Async.drainQueues (https://demoqa.com/__cypress/runner/cypress_runner.js:2256:14)\nFrom Your Spec Code:\n    at Context.eval (webpack://udemy-rahulshettycypress/./cypress/e2e/Cypress-API-Testing/GET-WeatherAPI-anil-Test1.spec.ts:38:0)",
                "diff": null
              },
              "uuid": "d01f8895-f3fb-4401-8eb0-6582cf122131",
              "parentUUID": "b2591968-aae0-4b81-9efc-0e5b2ea930cc",
              "isHook": false,
              "skipped": false
            },
            {
              "title": "Test for Reverse geocoding",
              "fullTitle": "Test For Weather API Test for Reverse geocoding",
              "timedOut": null,
              "duration": 52,
              "state": "failed",
              "speed": null,
              "pass": false,
              "fail": true,
              "pending": false,
              "context": null,
[...]
          "beforeHooks": [],
          "afterHooks": [],
          "tests": [
            {
              "title": "UI Test",
              "fullTitle": "Mock Login & Fetch User Data UI Test",
              "timedOut": null,
              "duration": 5668,
              "state": "passed",
              "speed": "medium",
              "pass": true,
              "fail": false,
              "pending": false,
              "context": null,
              "code": "cy.visit('https://reqres.in/');\ncy.intercept(\"GET\", \"https://reqres.in/api/users?page=2\").as(\"getUsers\");\ncy.get('[data-id=\"users\"]').click();\ncy.wait(\"@getUsers\").then(function (_a) {\n    var response = _a.response;\n    expect(response.statusCode).to.eq(200);\n    expect(response.body).to.have.property(\"data\").that.is.an(\"array\").with.length(6);\n});",
              "err": {},
              "uuid": "1c1ad6e7-9f43-45a0-b269-d8b01abb7ea3",
              "parentUUID": "a7c31cd8-a17d-4461-8b41-e14c2e51d887",
              "isHook": false,
              "skipped": false
            }
          ],
          "suites": [],
          "passes": [
            "1c1ad6e7-9f43-45a0-b269-d8b01abb7ea3"
          ],
          "failures": [],
          "pending": [],
          "skipped": [],
          "duration": 5668,
          "root": false,
          "rootEmpty": false,
          "_timeout": 2000
        }
      ],
      "passes": [],
      "failures": [],
      "pending": [],
      "skipped": [],
      "duration": 0,
      "root": true,
      "rootEmpty": true,
      "_timeout": 2000
    },
    {
      "uuid": "e2ae35b6-d013-4aff-b739-739f34fa9a36",
      "title": "",
      "fullFile": "cypress/e2e/Reqres-API-Tests/reqRes.inSiteAPItest.spec.ts",
      "file": "cypress/e2e/Reqres-API-Tests/reqRes.inSiteAPItest.spec.ts",
      "beforeHooks": [],
      "afterHooks": [],
      "tests": [],
      "suites": [
        {
          "uuid": "6313c1d3-bfff-4469-bcdf-681dc1c9b713",
          "title": "API Testing with Auth Token & UI",
          "fullFile": "cypress/e2e/Reqres-API-Tests/reqRes.inSiteAPItest.spec.ts",
          "file": "cypress/e2e/Reqres-API-Tests/reqRes.inSiteAPItest.spec.ts",
          "beforeHooks": [],
          "afterHooks": [],
          "tests": [
            {
              "title": "Fetch Users and Validate UI",
              "fullTitle": "API Testing with Auth Token & UI Fetch Users and Validate UI",
              "timedOut": null,
              "duration": 531,
              "state": "failed",
              "speed": null,
              "pass": false,
              "fail": true,
              "pending": false,
              "context": null,
              "code": "cy.visit('https://reqres.in/'); // Visit the UI (change as needed)\ncy.request({\n    method: 'GET',\n    url: 'https://reqres.in/api/users?page=2',\n    headers: {\n        Authorization: \"Bearer \".concat(Cypress.env('authToken'))\n    }\n}).then(function (response) {\n    expect(response.status).to.eq(200);\n    expect(response.body.data).to.be.an('array');\n    // Validate user data in the UI (adjust selectors as per your UI)\n    response.body.data.forEach(function (user, index) {\n        cy.get(\".user-list-item:eq(\".concat(index, \")\")).should('contain', user.first_name);\n    });\n});",
              "err": {
                "message": "CypressError: `cy.request()` failed on:\n\nhttps://reqres.in/api/login\n\nThe response we received from your web server was:\n\n  > 401: Unauthorized\n\nThis was considered a failure because the status code was not `2xx` or `3xx`.\n\nIf you do not want status codes to cause failures pass the option: `failOnStatusCode: false`\n\n-----------------------------------------------------------\n\nThe request we sent was:\n\nMethod: POST\nURL: https://reqres.in/api/login\nHeaders: {\n  \"Connection\": \"keep-alive\",\n  \"user-agent\": \"Mozilla/5.0 (Macintosh; Intel Mac OS X 10_15_7) AppleWebKit/537.36 (KHTML, like Gecko) Cypress/14.1.0 Chrome/130.0.6723.137 Electron/33.2.1 Safari/537.36\",\n  \"accept\": \"*/*\",\n  \"accept-encoding\": \"gzip, deflate\",\n  \"content-type\": \"application/json\",\n  \"content-length\": 54\n}\nBody: {\"email\":\"eve.holt@reqres.in\",\"password\":\"cityslicka\"}\n\n-----------------------------------------------------------\n\nThe response we got was:\n\nStatus: 401 - Unauthorized\nHeaders: {\n  \"date\": \"Wed, 16 Jul 2025 14:51:37 GMT\",\n  \"content-type\": \"application/json; charset=utf-8\",\n  \"content-length\": \"72\",\n  \"connection\": \"keep-alive\",\n  \"cf-ray\": \"960251960a54178f-MAA\",\n  \"report-to\": \"{\\\"group\\\":\\\"heroku-nel\\\",\\\"max_age\\\":3600,\\\"endpoints\\\":[{\\\"url\\\":\\\"https://nel.heroku.com/reports?ts=1752677497&sid=c4c9725f-1ab0-44d8-820f-430df2718e11&s=oC9QyfOvOtW5etgGHgrXSFb1HeAg%2F79z%2B7zyqADrj0s%3D\\\"}]}\",\n  \"reporting-endpoints\": \"heroku-nel=https://nel.heroku.com/reports?ts=1752677497&sid=c4c9725f-1ab0-44d8-820f-430df2718e11&s=oC9QyfOvOtW5etgGHgrXSFb1HeAg%2F79z%2B7zyqADrj0s%3D\",\n  \"nel\": \"{\\\"report_to\\\":\\\"heroku-nel\\\",\\\"max_age\\\":3600,\\\"success_fraction\\\":0.005,\\\"failure_fraction\\\":0.05,\\\"response_headers\\\":[\\\"Via\\\"]}\",\n  \"access-control-allow-origin\": \"*\",\n  \"x-request-id\": \"6206e20e-6a11-4eb2-86b9-3dcab412dc59\",\n  \"x-content-type-options\": \"nosniff\",\n  \"x-frame-options\": \"DENY\",\n  \"x-xss-protection\": \"1; mode=block\",\n  \"referrer-policy\": \"strict-origin-when-cross-origin\",\n  \"ratelimit-policy\": \"100;w=60\",\n  \"ratelimit-limit\": \"100\",\n  \"ratelimit-remaining\": \"99\",\n  \"ratelimit-reset\": \"60\",\n  \"etag\": \"W/\\\"48-+Z5A4MsbyryWjwqUCtZ7548heDc\\\"\",\n  \"via\": \"1.1 vegur\",\n  \"cf-cache-status\": \"DYNAMIC\",\n  \"server\": \"cloudflare\",\n  \"server-timing\": \"cfL4;desc=\\\"?proto=TCP&rtt=16894&min_rtt=15516&rtt_var=3575&sent=20&recv=17&lost=0&retrans=0&sent_bytes=8418&recv_bytes=2931&delivery_rate=343820&cwnd=257&unsent_bytes=0&cid=06ca1a606e6fad89&ts=7276&x=0\\\"\"\n}\nBody: {\n  \"error\": \"Missing API key.\",\n  \"how_to_get_one\": \"https://reqres.in/signup\"\n}\n\n\nhttps://on.cypress.io/request\n\nBecause this error occurred during a `before all` hook we are skipping the remaining tests in the current suite: `API Testing with Auth Token...`\n\nAlthough you have test retries enabled, we do not retry tests when `before all` or `after all` hooks fail",
                "estack": "CypressError: `cy.request()` failed on:\n\nhttps://reqres.in/api/login\n\nThe response we received from your web server was:\n\n  > 401: Unauthorized\n\nThis was considered a failure because the status code was not `2xx` or `3xx`.\n\nIf you do not want status codes to cause failures pass the option: `failOnStatusCode: false`\n\n-----------------------------------------------------------\n\nThe request we sent was:\n\nMethod: POST\nURL: https://reqres.in/api/login\nHeaders: {\n  \"Connection\": \"keep-alive\",\n  \"user-agent\": \"Mozilla/5.0 (Macintosh; Intel Mac OS X 10_15_7) AppleWebKit/537.36 (KHTML, like Gecko) Cypress/14.1.0 Chrome/130.0.6723.137 Electron/33.2.1 Safari/537.36\",\n  \"accept\": \"*/*\",\n  \"accept-encoding\": \"gzip, deflate\",\n  \"content-type\": \"application/json\",\n  \"content-length\": 54\n}\nBody: {\"email\":\"eve.holt@reqres.in\",\"password\":\"cityslicka\"}\n\n-----------------------------------------------------------\n\nThe response we got was:\n\nStatus: 401 - Unauthorized\nHeaders: {\n  \"date\": \"Wed, 16 Jul 2025 14:51:37 GMT\",\n  \"content-type\": \"application/json; charset=utf-8\",\n  \"content-length\": \"72\",\n  \"connection\": \"keep-alive\",\n  \"cf-ray\": \"960251960a54178f-MAA\",\n  \"report-to\": \"{\\\"group\\\":\\\"heroku-nel\\\",\\\"max_age\\\":3600,\\\"endpoints\\\":[{\\\"url\\\":\\\"https://nel.heroku.com/reports?ts=1752677497&sid=c4c9725f-1ab0-44d8-820f-430df2718e11&s=oC9QyfOvOtW5etgGHgrXSFb1HeAg%2F79z%2B7zyqADrj0s%3D\\\"}]}\",\n  \"reporting-endpoints\": \"heroku-nel=https://nel.heroku.com/reports?ts=1752677497&sid=c4c9725f-1ab0-44d8-820f-430df2718e11&s=oC9QyfOvOtW5etgGHgrXSFb1HeAg%2F79z%2B7zyqADrj0s%3D\",\n  \"nel\": \"{\\\"report_to\\\":\\\"heroku-nel\\\",\\\"max_age\\\":3600,\\\"success_fraction\\\":0.005,\\\"failure_fraction\\\":0.05,\\\"response_headers\\\":[\\\"Via\\\"]}\",\n  \"access-control-allow-origin\": \"*\",\n  \"x-request-id\": \"6206e20e-6a11-4eb2-86b9-3dcab412dc59\",\n  \"x-content-type-options\": \"nosniff\",\n  \"x-frame-options\": \"DENY\",\n  \"x-xss-protection\": \"1; mode=block\",\n  \"referrer-policy\": \"strict-origin-when-cross-origin\",\n  \"ratelimit-policy\": \"100;w=60\",\n  \"ratelimit-limit\": \"100\",\n  \"ratelimit-remaining\": \"99\",\n  \"ratelimit-reset\": \"60\",\n  \"etag\": \"W/\\\"48-+Z5A4MsbyryWjwqUCtZ7548heDc\\\"\",\n  \"via\": \"1.1 vegur\",\n  \"cf-cache-status\": \"DYNAMIC\",\n  \"server\": \"cloudflare\",\n  \"server-timing\": \"cfL4;desc=\\\"?proto=TCP&rtt=16894&min_rtt=15516&rtt_var=3575&sent=20&recv=17&lost=0&retrans=0&sent_bytes=8418&recv_bytes=2931&delivery_rate=343820&cwnd=257&unsent_bytes=0&cid=06ca1a606e6fad89&ts=7276&x=0\\\"\"\n}\nBody: {\n  \"error\": \"Missing API key.\",\n  \"how_to_get_one\": \"https://reqres.in/signup\"\n}\n\n\nhttps://on.cypress.io/request\n\nBecause this error occurred during a `before all` hook we are skipping the remaining tests in the current suite: `API Testing with Auth Token...`\n\nAlthough you have test retries enabled, we do not retry tests when `before all` or `after all` hooks fail\n    at <unknown> (https://demoqa.com/__cypress/runner/cypress_runner.js:133611:72)\n    at tryCatcher (https://demoqa.com/__cypress/runner/cypress_runner.js:1777:23)\n    at Promise._settlePromiseFromHandler (https://demoqa.com/__cypress/runner/cypress_runner.js:1489:31)\n    at Promise._settlePromise (https://demoqa.com/__cypress/runner/cypress_runner.js:1546:18)\n    at Promise._settlePromise0 (https://demoqa.com/__cypress/runner/cypress_runner.js:1591:10)\n    at Promise._settlePromises (https://demoqa.com/__cypress/runner/cypress_runner.js:1671:18)\n    at _drainQueueStep (https://demoqa.com/__cypress/runner/cypress_runner.js:2377:12)\n    at _drainQueue (https://demoqa.com/__cypress/runner/cypress_runner.js:2370:9)\n    at Async._drainQueues (https://demoqa.com/__cypress/runner/cypress_runner.js:2386:5)\n    at Async.drainQueues (https://demoqa.com/__cypress/runner/cypress_runner.js:2256:14)\nFrom Your Spec Code:\n    at Context.eval (webpack://udemy-rahulshettycypress/./cypress/e2e/Reqres-API-Tests/reqRes.inSiteAPItest.spec.ts:4:0)",
                "diff": null
              },
              "uuid": "022407c4-5f33-4629-a4d9-865e07941b33",
              "parentUUID": "6313c1d3-bfff-4469-bcdf-681dc1c9b713",
              "isHook": false,
              "skipped": false
            },
            {
              "title": "Create User and Verify in UI",
              "fullTitle": "API Testing with Auth Token & UI Create User and Verify in UI",
              "timedOut": null,
              "duration": 0,
              "state": "skipped",
              "speed": null,
              "pass": false,
              "fail": false,
              "pending": false,
              "context": null,
              "code": "cy.request({\n    method: 'POST',\n    url: 'https://reqres.in/api/users',\n    headers: {\n        Authorization: \"Bearer \".concat(Cypress.env('authToken'))\n    },\n    body: {\n        name: 'John Doe',\n        job: 'Software Tester'\n    }\n}).then(function (response) {\n    expect(response.status).to.eq(201);\n    expect(response.body).to.have.property('name', 'John Doe');\n    // Simulate a UI refresh & validate new user appears\n    cy.visit('/users'); // Adjust the path if necessary\n    cy.contains('John Doe').should('be.visible');\n});",
              "err": {},
              "uuid": "80abd51a-ef9b-46dc-841d-bfea26be2de6",
              "parentUUID": "6313c1d3-bfff-4469-bcdf-681dc1c9b713",
              "isHook": false,
              "skipped": true
            },
            {
              "title": "Update User and Verify in UI",
              "fullTitle": "API Testing with Auth Token & UI Update User and Verify in UI",
              "timedOut": null,
              "duration": 0,
              "state": "skipped",
              "speed": null,
              "pass": false,
              "fail": false,
              "pending": false,
              "context": null,
              "code": "cy.request({\n    method: 'PUT',\n    url: 'https://reqres.in/api/users/2',\n    headers: {\n        Authorization: \"Bearer \".concat(Cypress.env('authToken'))\n    },\n    body: {\n        name: 'John Doe Updated',\n        job: 'Senior Tester'\n    }\n}).then(function (response) {\n    expect(response.status).to.eq(200);\n    expect(response.body).to.have.property('name', 'John Doe Updated');\n    // Simulate checking the updated user in the UI\n    cy.visit('/users/2');\n    cy.contains('John Doe Updated').should('be.visible');\n});",
              "err": {},
              "uuid": "f177cfc0-af61-432a-8c83-976ded9cc06d",
              "parentUUID": "6313c1d3-bfff-4469-bcdf-681dc1c9b713",
              "isHook": false,
              "skipped": true
            },
            {
              "title": "Delete User and Verify UI",
              "fullTitle": "API Testing with Auth Token & UI Delete User and Verify UI",
              "timedOut": null,
              "duration": 0,
              "state": "skipped",
              "speed": null,
              "pass": false,
              "fail": false,
              "pending": false,
              "context": null,
              "code": "cy.request({\n    method: 'DELETE',\n    url: 'https://reqres.in/api/users/2',\n    headers: {\n        Authorization: \"Bearer \".concat(Cypress.env('authToken'))\n    }\n}).then(function (response) {\n    expect(response.status).to.eq(204);\n    // Simulate checking the UI that the user is removed\n    cy.visit('/users');\n    cy.contains('John Doe Updated').should('not.exist');\n});",
              "err": {},
              "uuid": "02241ac2-f9bd-4ebe-a9dd-78f9ae7b687f",
              "parentUUID": "6313c1d3-bfff-4469-bcdf-681dc1c9b713",
              "isHook": false,
              "skipped": true
            }
          ],
          "suites": [],
          "passes": [],
          "failures": [
            "022407c4-5f33-4629-a4d9-865e07941b33"
          ],
          "pending": [],
          "skipped": [
            "80abd51a-ef9b-46dc-841d-bfea26be2de6",
            "f177cfc0-af61-432a-8c83-976ded9cc06d",
            "02241ac2-f9bd-4ebe-a9dd-78f9ae7b687f"
          ],
          "duration": 531,
          "root": false,
          "rootEmpty": false,
          "_timeout": 2000
        }
      ],
      "passes": [],
      "failures": [],
      "pending": [],
      "skipped": [],
      "duration": 0,
      "root": true,
      "rootEmpty": true,
      "_timeout": 2000
    },
    {
      "uuid": "0c5aad5a-1b02-41ce-a917-a98d99d8e32e",
      "title": "",
      "fullFile": "cypress/e2e/Basic-UI-Testing/basicAssertionsTest-spec.ts",
      "file": "cypress/e2e/Basic-UI-Testing/basicAssertionsTest-spec.ts",
      "beforeHooks": [],
      "afterHooks": [],
      "tests": [],
      "suites": [
        {
          "uuid": "085e0977-102c-47a7-a27f-8ba5835c08dc",
          "title": "Basic GreenKart Test",
          "fullFile": "cypress/e2e/Basic-UI-Testing/basicAssertionsTest-spec.ts",
          "file": "cypress/e2e/Basic-UI-Testing/basicAssertionsTest-spec.ts",
          "beforeHooks": [],
          "afterHooks": [],
          "tests": [
            {
              "title": "Basic green cart Test",
              "fullTitle": "Basic GreenKart Test Basic green cart Test",
              "timedOut": null,
              "duration": 5020,
              "state": "passed",
              "speed": "medium",
              "pass": true,
              "fail": false,
              "pending": false,
              "context": null,
              "code": "cy.visit('https://rahulshettyacademy.com/seleniumPractise/#/');\ncy.get('[class=\"product\"]').should('be.exist').and('have.length', 30);\n// search for fruit\ncy.get('[class=\"search-keyword\"]').clear().type('Apple');\ncy.get('[class=\"search-button\"]').click();\n// assertions //\ncy.get('[class=\"product\"]').should('be.exist');\ncy.get('[class=\"product\"] img').should('be.visible');\ncy.get('[class=\"product\"] [class=\"product-name\"]').should('contain', 'Apple - 1 Kg');\ncy.get('[class=\"product\"] [class=\"product-name\"]').should('have.text', 'Apple - 1 Kg');\ncy.get('[class=\"product\"] [class=\"product-name\"]').should('includes.text', 'Apple - 1 Kg');\ncy.get('[class=\"product\"] [class=\"product-price\"]').should('contain', '72');\ncy.get('[class=\"product\"] [class=\"product-price\"]').should('have.text', '72');\ncy.get('[class=\"product\"] [class=\"product-price\"]').should('includes.text', '72');\ncy.get('[class=\"product\"] [class=\"quantity\"]').should('have.value', '1');\ncy.get('[class=\"product\"] [class=\"stepper-input\"] a').should('have.length', 2);\ncy.get('[class=\"product\"] [class=\"stepper-input\"] [class=\"increment\"]').should('have.length', 1).click();\ncy.get('[class=\"product\"] [class=\"quantity\"]').should('have.value', '2');\ncy.get('[class=\"product\"] [class=\"product-action\"] button[type=\"button\"]').should('be.enabled');\ncy.get('[class=\"product\"] [class=\"product-action\"] button[type=\"button\"]').should('contain', 'ADD TO CART');\ncy.get('[class=\"product\"] [class=\"product-action\"] button[type=\"button\"]')\n    .should('be.exist')\n    .and('be.visible')\n    .and('contain', 'ADD TO CART')\n    .and('have.text', 'ADD TO CART')\n    .and('includes.text', 'ADD TO CART')\n    .and('be.enabled')\n    .click();\n// have.class\ncy.get('[class=\"product\"]').should('have.class', 'product');\ncy.get('[class=\"product\"] [class=\"product-action\"]').should('have.class', 'product-action');\n// have.id//\ncy.get('[id=\"root\"]').should('have.id', 'root');\n// have.attr   \ncy.get('[class=\"product\"] [class=\"product-action\"] button[type=\"button\"]').should('have.attr', 'type', 'button')\n    .and('contain', 'ADD TO CART');\ncy.get('[class=\"product\"] [class=\"stepper-input\"] a')\n    .first()\n    .should('have.attr', 'href')\n    .and('include', '#');\n// using inner text //\ncy.contains('ADD TO CART').click();\n// brand logo text test //\ncy.get('[class=\"brand greenLogo\"]')\n    .should('be.visible')\n    .and('contain', 'GREENKART');",
              "err": {},
              "uuid": "63126ad4-b7cc-43b4-ac3a-53bb941ff2c6",
              "parentUUID": "085e0977-102c-47a7-a27f-8ba5835c08dc",
              "isHook": false,
              "skipped": false
            }
          ],
          "suites": [],
          "passes": [
            "63126ad4-b7cc-43b4-ac3a-53bb941ff2c6"
          ],
          "failures": [],
          "pending": [],
          "skipped": [],
          "duration": 5020,
          "root": false,
          "rootEmpty": false,
          "_timeout": 2000
        }
      ],
      "passes": [],
      "failures": [],
      "pending": [],
      "skipped": [],
      "duration": 0,
      "root": true,
      "rootEmpty": true,
      "_timeout": 2000
    }
  ],
  "meta": {
    "mocha": {
      "version": "7.0.1"
    },
    "mochawesome": {
      "options": {
        "quiet": false,
        "reportFilename": "mochawesome",
        "saveHtml": false,
        "saveJson": true,
        "consoleReporter": "spec",
        "useInlineDiffs": false,
        "code": true
      },
      "version": "7.1.3"
    },
    "marge": {
      "options": {
        "reportDir": "cypress/reports/.jsons",
        "overwrite": false,
        "html": false,
        "json": true,
        "charts": true,
        "embeddedScreenshots": true,
        "inlineAssets": true,
        "saveJson": true
      },
      "version": "6.2.0"
    }
  }
}